Using pre-set license
Built from '2021.1/staging' branch; Version is '2021.1.2f1 (e5d502d80fbb) revision 15062274'; Using compiler version '192528614'; Build Type 'Release'
OS: 'Windows 10 Home; OS build 19042.1052; Version 2009; 64bit' Language: 'ja' Physical Memory: 32702 MB
BatchMode: 1, IsHumanControllingUs: 0, StartBugReporterOnCrash: 0, Is64bit: 1, IsPro: 0

 COMMAND LINE ARGUMENTS:
C:\Program Files\Unity\Hub\Editor\2021.1.2f1\Editor\Unity.exe
-adb2
-batchMode
-noUpm
-name
AssetImportWorker3
-projectPath
D:/GitHub/CameraOperatorMod/kcurves
-logFile
Logs/AssetImportWorker3.log
-srvPort
52864
Successfully changed project path to: D:/GitHub/CameraOperatorMod/kcurves
D:/GitHub/CameraOperatorMod/kcurves
Using Asset Import Pipeline V2.
Refreshing native plugins compatible for Editor in 134.65 ms, found 1 plugins.
Preloading 0 native plugins for Editor in 0.00 ms.
Initialize engine version: 2021.1.2f1 (e5d502d80fbb)
[Subsystems] Discovering subsystems at path C:/Program Files/Unity/Hub/Editor/2021.1.2f1/Editor/Data/Resources/UnitySubsystems
[Subsystems] Discovering subsystems at path D:/GitHub/CameraOperatorMod/kcurves/Assets
GfxDevice: creating device client; threaded=0; jobified=0
Direct3D:
    Version:  Direct3D 11.0 [level 11.1]
    Renderer: NVIDIA GeForce GTX 1060 6GB (ID=0x1c03)
    Vendor:   NVIDIA
    VRAM:     6052 MB
    Driver:   30.0.14.7111
Initialize mono
Mono path[0] = 'C:/Program Files/Unity/Hub/Editor/2021.1.2f1/Editor/Data/Managed'
Mono path[1] = 'C:/Program Files/Unity/Hub/Editor/2021.1.2f1/Editor/Data/MonoBleedingEdge/lib/mono/unityjit'
Mono config path = 'C:/Program Files/Unity/Hub/Editor/2021.1.2f1/Editor/Data/MonoBleedingEdge/etc'
Using monoOptions --debugger-agent=transport=dt_socket,embedding=1,server=y,suspend=n,address=127.0.0.1:56856
Begin MonoManager ReloadAssembly
Registering precompiled unity dll's ...
Register platform support module: C:/Program Files/Unity/Hub/Editor/2021.1.2f1/Editor/Data/PlaybackEngines/WindowsStandaloneSupport/UnityEditor.WindowsStandalone.Extensions.dll
Registered in 0.011517 seconds.
Native extension for WindowsStandalone target not found
Refreshing native plugins compatible for Editor in 123.98 ms, found 1 plugins.
Preloading 0 native plugins for Editor in 0.00 ms.
Mono: successfully reloaded assembly
- Completed reload, in  2.167 seconds
Platform modules already initialized, skipping
Registering precompiled user dll's ...
Registered in 0.003966 seconds.
The root folder may contain only these .ruleset files: Default.ruleset, Assembly-CSharp.ruleset, Assembly-CSharp-firstpass.ruleset, Assembly-CSharp-Editor.ruleset, and Assembly-CSharp-Editor-firstpass.ruleset.

Begin MonoManager ReloadAssembly
Native extension for WindowsStandalone target not found
Refreshing native plugins compatible for Editor in 1.28 ms, found 1 plugins.
Preloading 0 native plugins for Editor in 0.00 ms.
Mono: successfully reloaded assembly
- Completed reload, in  1.665 seconds
Platform modules already initialized, skipping
========================================================================
Worker process is ready to serve import requests
Launched and connected shader compiler UnityShaderCompiler.exe after 0.15 seconds
Refreshing native plugins compatible for Editor in 1.52 ms, found 1 plugins.
Preloading 0 native plugins for Editor in 0.00 ms.
Unloading 3249 Unused Serialized files (Serialized files now loaded: 0)
System memory in use before: 120.7 MB.
System memory in use after: 120.8 MB.

Unloading 55 unused Assets to reduce memory usage. Loaded Objects now: 3672.
Total: 36.621700 ms (FindLiveObjects: 0.395300 ms CreateObjectMapping: 0.229200 ms MarkObjects: 35.552800 ms  DeleteObjects: 0.442300 ms)

========================================================================
Received Import Request.
  path: Assets/CameraDirector.cs
  artifactKey: Guid(dfee7e127cd448d48a60596cd46be3d0) Importer(815301076,1909f56bfc062723c751e8b465ee728b)
Start importing Assets/CameraDirector.cs using Guid(dfee7e127cd448d48a60596cd46be3d0) Importer(815301076,1909f56bfc062723c751e8b465ee728b)  -> (artifact id: 'df89a96377cdd9847f77d192a1be9f73') in 0.053455 seconds 
========================================================================
Received Import Request.
  Time since last request: 0.000823 seconds.
  path: Assets/Constant.cs
  artifactKey: Guid(c8b0db2794944d04693beccddda7eea5) Importer(815301076,1909f56bfc062723c751e8b465ee728b)
Start importing Assets/Constant.cs using Guid(c8b0db2794944d04693beccddda7eea5) Importer(815301076,1909f56bfc062723c751e8b465ee728b)  -> (artifact id: '5a3af91ac546b826f66b08a7e00142f1') in 0.007476 seconds 
========================================================================
Received Prepare
Registering precompiled user dll's ...
Registered in 0.004428 seconds.
The root folder may contain only these .ruleset files: Default.ruleset, Assembly-CSharp.ruleset, Assembly-CSharp-firstpass.ruleset, Assembly-CSharp-Editor.ruleset, and Assembly-CSharp-Editor-firstpass.ruleset.

Begin MonoManager ReloadAssembly
Native extension for WindowsStandalone target not found
Refreshing native plugins compatible for Editor in 1.10 ms, found 1 plugins.
Preloading 0 native plugins for Editor in 0.00 ms.
Mono: successfully reloaded assembly
- Completed reload, in  1.476 seconds
Platform modules already initialized, skipping
Refreshing native plugins compatible for Editor in 0.94 ms, found 1 plugins.
Preloading 0 native plugins for Editor in 0.00 ms.
Unloading 3244 Unused Serialized files (Serialized files now loaded: 0)
System memory in use before: 120.7 MB.
System memory in use after: 120.9 MB.

Unloading 46 unused Assets to reduce memory usage. Loaded Objects now: 3675.
Total: 6.161900 ms (FindLiveObjects: 0.283900 ms CreateObjectMapping: 0.205100 ms MarkObjects: 5.608400 ms  DeleteObjects: 0.062400 ms)

========================================================================
Received Prepare
Registering precompiled user dll's ...
Registered in 0.004860 seconds.
The root folder may contain only these .ruleset files: Default.ruleset, Assembly-CSharp.ruleset, Assembly-CSharp-firstpass.ruleset, Assembly-CSharp-Editor.ruleset, and Assembly-CSharp-Editor-firstpass.ruleset.

Begin MonoManager ReloadAssembly
Native extension for WindowsStandalone target not found
Refreshing native plugins compatible for Editor in 1.03 ms, found 1 plugins.
Preloading 0 native plugins for Editor in 0.00 ms.
Mono: successfully reloaded assembly
- Completed reload, in  1.576 seconds
Platform modules already initialized, skipping
Refreshing native plugins compatible for Editor in 1.34 ms, found 1 plugins.
Preloading 0 native plugins for Editor in 0.00 ms.
Unloading 3244 Unused Serialized files (Serialized files now loaded: 0)
System memory in use before: 120.7 MB.
System memory in use after: 120.9 MB.

Unloading 46 unused Assets to reduce memory usage. Loaded Objects now: 3678.
Total: 8.777100 ms (FindLiveObjects: 0.380600 ms CreateObjectMapping: 0.200800 ms MarkObjects: 8.111400 ms  DeleteObjects: 0.081900 ms)

========================================================================
Received Prepare
Registering precompiled user dll's ...
Registered in 0.003844 seconds.
The root folder may contain only these .ruleset files: Default.ruleset, Assembly-CSharp.ruleset, Assembly-CSharp-firstpass.ruleset, Assembly-CSharp-Editor.ruleset, and Assembly-CSharp-Editor-firstpass.ruleset.

Begin MonoManager ReloadAssembly
Native extension for WindowsStandalone target not found
Refreshing native plugins compatible for Editor in 1.42 ms, found 1 plugins.
Preloading 0 native plugins for Editor in 0.00 ms.
Mono: successfully reloaded assembly
- Completed reload, in  1.389 seconds
Platform modules already initialized, skipping
Refreshing native plugins compatible for Editor in 1.23 ms, found 1 plugins.
Preloading 0 native plugins for Editor in 0.00 ms.
Unloading 3244 Unused Serialized files (Serialized files now loaded: 0)
System memory in use before: 120.8 MB.
System memory in use after: 121.0 MB.

Unloading 46 unused Assets to reduce memory usage. Loaded Objects now: 3681.
Total: 6.914900 ms (FindLiveObjects: 0.420900 ms CreateObjectMapping: 0.215700 ms MarkObjects: 6.198700 ms  DeleteObjects: 0.077600 ms)

========================================================================
Received Prepare
Registering precompiled user dll's ...
Registered in 0.004132 seconds.
The root folder may contain only these .ruleset files: Default.ruleset, Assembly-CSharp.ruleset, Assembly-CSharp-firstpass.ruleset, Assembly-CSharp-Editor.ruleset, and Assembly-CSharp-Editor-firstpass.ruleset.

Begin MonoManager ReloadAssembly
Native extension for WindowsStandalone target not found
Refreshing native plugins compatible for Editor in 1.49 ms, found 1 plugins.
Preloading 0 native plugins for Editor in 0.00 ms.
Mono: successfully reloaded assembly
- Completed reload, in  2.007 seconds
Platform modules already initialized, skipping
Refreshing native plugins compatible for Editor in 1.66 ms, found 1 plugins.
Preloading 0 native plugins for Editor in 0.00 ms.
Unloading 3244 Unused Serialized files (Serialized files now loaded: 0)
System memory in use before: 120.8 MB.
System memory in use after: 121.0 MB.

Unloading 46 unused Assets to reduce memory usage. Loaded Objects now: 3684.
Total: 13.589000 ms (FindLiveObjects: 0.507600 ms CreateObjectMapping: 0.570700 ms MarkObjects: 12.446600 ms  DeleteObjects: 0.062300 ms)

========================================================================
Received Prepare
Registering precompiled user dll's ...
Registered in 0.004603 seconds.
The root folder may contain only these .ruleset files: Default.ruleset, Assembly-CSharp.ruleset, Assembly-CSharp-firstpass.ruleset, Assembly-CSharp-Editor.ruleset, and Assembly-CSharp-Editor-firstpass.ruleset.

Begin MonoManager ReloadAssembly
Native extension for WindowsStandalone target not found
Refreshing native plugins compatible for Editor in 1.34 ms, found 1 plugins.
Preloading 0 native plugins for Editor in 0.00 ms.
Mono: successfully reloaded assembly
- Completed reload, in  1.578 seconds
Platform modules already initialized, skipping
Refreshing native plugins compatible for Editor in 0.79 ms, found 1 plugins.
Preloading 0 native plugins for Editor in 0.00 ms.
Unloading 3244 Unused Serialized files (Serialized files now loaded: 0)
System memory in use before: 120.8 MB.
System memory in use after: 121.0 MB.

Unloading 46 unused Assets to reduce memory usage. Loaded Objects now: 3687.
Total: 9.264200 ms (FindLiveObjects: 0.434800 ms CreateObjectMapping: 0.332800 ms MarkObjects: 8.428000 ms  DeleteObjects: 0.067000 ms)

========================================================================
Received Prepare
Registering precompiled user dll's ...
Registered in 0.004277 seconds.
The root folder may contain only these .ruleset files: Default.ruleset, Assembly-CSharp.ruleset, Assembly-CSharp-firstpass.ruleset, Assembly-CSharp-Editor.ruleset, and Assembly-CSharp-Editor-firstpass.ruleset.

Begin MonoManager ReloadAssembly
Native extension for WindowsStandalone target not found
Refreshing native plugins compatible for Editor in 1.01 ms, found 1 plugins.
Preloading 0 native plugins for Editor in 0.00 ms.
Mono: successfully reloaded assembly
- Completed reload, in  1.615 seconds
Platform modules already initialized, skipping
Refreshing native plugins compatible for Editor in 1.14 ms, found 1 plugins.
Preloading 0 native plugins for Editor in 0.00 ms.
Unloading 3244 Unused Serialized files (Serialized files now loaded: 0)
System memory in use before: 120.8 MB.
System memory in use after: 121.0 MB.

Unloading 46 unused Assets to reduce memory usage. Loaded Objects now: 3690.
Total: 7.950800 ms (FindLiveObjects: 0.447100 ms CreateObjectMapping: 0.231100 ms MarkObjects: 7.192700 ms  DeleteObjects: 0.077700 ms)

========================================================================
Received Prepare
Registering precompiled user dll's ...
Registered in 0.010191 seconds.
The root folder may contain only these .ruleset files: Default.ruleset, Assembly-CSharp.ruleset, Assembly-CSharp-firstpass.ruleset, Assembly-CSharp-Editor.ruleset, and Assembly-CSharp-Editor-firstpass.ruleset.

Begin MonoManager ReloadAssembly
Native extension for WindowsStandalone target not found
Refreshing native plugins compatible for Editor in 1.91 ms, found 1 plugins.
Preloading 0 native plugins for Editor in 0.00 ms.
Mono: successfully reloaded assembly
- Completed reload, in  2.245 seconds
Platform modules already initialized, skipping
Refreshing native plugins compatible for Editor in 0.83 ms, found 1 plugins.
Preloading 0 native plugins for Editor in 0.00 ms.
Unloading 3244 Unused Serialized files (Serialized files now loaded: 0)
System memory in use before: 120.8 MB.
System memory in use after: 121.0 MB.

Unloading 46 unused Assets to reduce memory usage. Loaded Objects now: 3693.
Total: 12.102900 ms (FindLiveObjects: 1.725300 ms CreateObjectMapping: 1.328100 ms MarkObjects: 8.916800 ms  DeleteObjects: 0.128100 ms)

========================================================================
Received Prepare
Registering precompiled user dll's ...
Registered in 0.005438 seconds.
The root folder may contain only these .ruleset files: Default.ruleset, Assembly-CSharp.ruleset, Assembly-CSharp-firstpass.ruleset, Assembly-CSharp-Editor.ruleset, and Assembly-CSharp-Editor-firstpass.ruleset.

Begin MonoManager ReloadAssembly
Native extension for WindowsStandalone target not found
Refreshing native plugins compatible for Editor in 0.96 ms, found 1 plugins.
Preloading 0 native plugins for Editor in 0.00 ms.
Mono: successfully reloaded assembly
- Completed reload, in  2.139 seconds
Platform modules already initialized, skipping
Refreshing native plugins compatible for Editor in 2.08 ms, found 1 plugins.
Preloading 0 native plugins for Editor in 0.00 ms.
Unloading 3244 Unused Serialized files (Serialized files now loaded: 0)
System memory in use before: 120.8 MB.
System memory in use after: 121.0 MB.

Unloading 46 unused Assets to reduce memory usage. Loaded Objects now: 3696.
Total: 7.714300 ms (FindLiveObjects: 0.305700 ms CreateObjectMapping: 0.197100 ms MarkObjects: 7.142200 ms  DeleteObjects: 0.067500 ms)

========================================================================
Received Prepare
Registering precompiled user dll's ...
Registered in 0.004867 seconds.
The root folder may contain only these .ruleset files: Default.ruleset, Assembly-CSharp.ruleset, Assembly-CSharp-firstpass.ruleset, Assembly-CSharp-Editor.ruleset, and Assembly-CSharp-Editor-firstpass.ruleset.

Begin MonoManager ReloadAssembly
Native extension for WindowsStandalone target not found
Refreshing native plugins compatible for Editor in 1.29 ms, found 1 plugins.
Preloading 0 native plugins for Editor in 0.00 ms.
Mono: successfully reloaded assembly
- Completed reload, in  1.498 seconds
Platform modules already initialized, skipping
Refreshing native plugins compatible for Editor in 1.67 ms, found 1 plugins.
Preloading 0 native plugins for Editor in 0.00 ms.
Unloading 3244 Unused Serialized files (Serialized files now loaded: 0)
System memory in use before: 120.8 MB.
System memory in use after: 121.0 MB.

Unloading 46 unused Assets to reduce memory usage. Loaded Objects now: 3699.
Total: 7.399500 ms (FindLiveObjects: 1.020300 ms CreateObjectMapping: 0.319700 ms MarkObjects: 5.990900 ms  DeleteObjects: 0.067200 ms)

========================================================================
Received Prepare
Registering precompiled user dll's ...
Registered in 0.016752 seconds.
The root folder may contain only these .ruleset files: Default.ruleset, Assembly-CSharp.ruleset, Assembly-CSharp-firstpass.ruleset, Assembly-CSharp-Editor.ruleset, and Assembly-CSharp-Editor-firstpass.ruleset.

Begin MonoManager ReloadAssembly
Native extension for WindowsStandalone target not found
Refreshing native plugins compatible for Editor in 1.09 ms, found 1 plugins.
Preloading 0 native plugins for Editor in 0.00 ms.
Mono: successfully reloaded assembly
- Completed reload, in  1.893 seconds
Platform modules already initialized, skipping
Refreshing native plugins compatible for Editor in 1.45 ms, found 1 plugins.
Preloading 0 native plugins for Editor in 0.00 ms.
Unloading 3244 Unused Serialized files (Serialized files now loaded: 0)
System memory in use before: 120.8 MB.
System memory in use after: 121.0 MB.

Unloading 46 unused Assets to reduce memory usage. Loaded Objects now: 3702.
Total: 7.114500 ms (FindLiveObjects: 0.396900 ms CreateObjectMapping: 0.222700 ms MarkObjects: 6.315800 ms  DeleteObjects: 0.177800 ms)

========================================================================
Received Prepare
Registering precompiled user dll's ...
Registered in 0.004090 seconds.
The root folder may contain only these .ruleset files: Default.ruleset, Assembly-CSharp.ruleset, Assembly-CSharp-firstpass.ruleset, Assembly-CSharp-Editor.ruleset, and Assembly-CSharp-Editor-firstpass.ruleset.

Begin MonoManager ReloadAssembly
Native extension for WindowsStandalone target not found
Refreshing native plugins compatible for Editor in 1.47 ms, found 1 plugins.
Preloading 0 native plugins for Editor in 0.00 ms.
Mono: successfully reloaded assembly
- Completed reload, in  1.652 seconds
Platform modules already initialized, skipping
Refreshing native plugins compatible for Editor in 1.25 ms, found 1 plugins.
Preloading 0 native plugins for Editor in 0.00 ms.
Unloading 3244 Unused Serialized files (Serialized files now loaded: 0)
System memory in use before: 120.8 MB.
System memory in use after: 121.0 MB.

Unloading 46 unused Assets to reduce memory usage. Loaded Objects now: 3705.
Total: 8.405000 ms (FindLiveObjects: 0.549800 ms CreateObjectMapping: 0.263900 ms MarkObjects: 7.532700 ms  DeleteObjects: 0.057100 ms)

========================================================================
Received Prepare
Registering precompiled user dll's ...
Registered in 0.078471 seconds.
The root folder may contain only these .ruleset files: Default.ruleset, Assembly-CSharp.ruleset, Assembly-CSharp-firstpass.ruleset, Assembly-CSharp-Editor.ruleset, and Assembly-CSharp-Editor-firstpass.ruleset.

Begin MonoManager ReloadAssembly
Native extension for WindowsStandalone target not found
Refreshing native plugins compatible for Editor in 1.46 ms, found 1 plugins.
Preloading 0 native plugins for Editor in 0.00 ms.
Mono: successfully reloaded assembly
- Completed reload, in  2.530 seconds
Platform modules already initialized, skipping
Refreshing native plugins compatible for Editor in 0.93 ms, found 1 plugins.
Preloading 0 native plugins for Editor in 0.00 ms.
Unloading 3244 Unused Serialized files (Serialized files now loaded: 0)
System memory in use before: 120.8 MB.
System memory in use after: 121.0 MB.

Unloading 46 unused Assets to reduce memory usage. Loaded Objects now: 3708.
Total: 10.218100 ms (FindLiveObjects: 0.345200 ms CreateObjectMapping: 0.213300 ms MarkObjects: 9.394800 ms  DeleteObjects: 0.261400 ms)

========================================================================
Received Prepare
Registering precompiled user dll's ...
Registered in 0.004564 seconds.
The root folder may contain only these .ruleset files: Default.ruleset, Assembly-CSharp.ruleset, Assembly-CSharp-firstpass.ruleset, Assembly-CSharp-Editor.ruleset, and Assembly-CSharp-Editor-firstpass.ruleset.

Begin MonoManager ReloadAssembly
Native extension for WindowsStandalone target not found
Refreshing native plugins compatible for Editor in 1.20 ms, found 1 plugins.
Preloading 0 native plugins for Editor in 0.00 ms.
Mono: successfully reloaded assembly
- Completed reload, in  2.187 seconds
Platform modules already initialized, skipping
Refreshing native plugins compatible for Editor in 0.89 ms, found 1 plugins.
Preloading 0 native plugins for Editor in 0.00 ms.
Unloading 3244 Unused Serialized files (Serialized files now loaded: 0)
System memory in use before: 120.8 MB.
System memory in use after: 121.1 MB.

Unloading 46 unused Assets to reduce memory usage. Loaded Objects now: 3711.
Total: 19.714600 ms (FindLiveObjects: 0.576500 ms CreateObjectMapping: 0.346300 ms MarkObjects: 18.283300 ms  DeleteObjects: 0.502700 ms)

AssetImportWorkerClient::OnTransportError - code=2 error=End of file
