Using pre-set license
Built from '2021.1/staging' branch; Version is '2021.1.2f1 (e5d502d80fbb) revision 15062274'; Using compiler version '192528614'; Build Type 'Release'
OS: 'Windows 10 Home; OS build 19043.1110; Version 2009; 64bit' Language: 'ja' Physical Memory: 32702 MB
BatchMode: 1, IsHumanControllingUs: 0, StartBugReporterOnCrash: 0, Is64bit: 1, IsPro: 0

 COMMAND LINE ARGUMENTS:
C:\Program Files\Unity\Hub\Editor\2021.1.2f1\Editor\Unity.exe
-adb2
-batchMode
-noUpm
-name
AssetImportWorker0
-projectPath
D:/GitHub/CameraOperatorMod/kcurves
-logFile
Logs/AssetImportWorker0.log
-srvPort
62557
Successfully changed project path to: D:/GitHub/CameraOperatorMod/kcurves
D:/GitHub/CameraOperatorMod/kcurves
Using Asset Import Pipeline V2.
Refreshing native plugins compatible for Editor in 99.99 ms, found 1 plugins.
Preloading 0 native plugins for Editor in 0.00 ms.
Initialize engine version: 2021.1.2f1 (e5d502d80fbb)
[Subsystems] Discovering subsystems at path C:/Program Files/Unity/Hub/Editor/2021.1.2f1/Editor/Data/Resources/UnitySubsystems
[Subsystems] Discovering subsystems at path D:/GitHub/CameraOperatorMod/kcurves/Assets
GfxDevice: creating device client; threaded=0; jobified=0
Direct3D:
    Version:  Direct3D 11.0 [level 11.1]
    Renderer: NVIDIA GeForce GTX 1060 6GB (ID=0x1c03)
    Vendor:   NVIDIA
    VRAM:     6052 MB
    Driver:   30.0.14.7111
Initialize mono
Mono path[0] = 'C:/Program Files/Unity/Hub/Editor/2021.1.2f1/Editor/Data/Managed'
Mono path[1] = 'C:/Program Files/Unity/Hub/Editor/2021.1.2f1/Editor/Data/MonoBleedingEdge/lib/mono/unityjit'
Mono config path = 'C:/Program Files/Unity/Hub/Editor/2021.1.2f1/Editor/Data/MonoBleedingEdge/etc'
Using monoOptions --debugger-agent=transport=dt_socket,embedding=1,server=y,suspend=n,address=127.0.0.1:56708
Begin MonoManager ReloadAssembly
Registering precompiled unity dll's ...
Register platform support module: C:/Program Files/Unity/Hub/Editor/2021.1.2f1/Editor/Data/PlaybackEngines/WindowsStandaloneSupport/UnityEditor.WindowsStandalone.Extensions.dll
Registered in 0.002199 seconds.
Native extension for WindowsStandalone target not found
Refreshing native plugins compatible for Editor in 107.55 ms, found 1 plugins.
Preloading 0 native plugins for Editor in 0.00 ms.
Mono: successfully reloaded assembly
- Completed reload, in  1.653 seconds
Platform modules already initialized, skipping
Registering precompiled user dll's ...
Registered in 0.003549 seconds.
The root folder may contain only these .ruleset files: Default.ruleset, Assembly-CSharp.ruleset, Assembly-CSharp-firstpass.ruleset, Assembly-CSharp-Editor.ruleset, and Assembly-CSharp-Editor-firstpass.ruleset.

Begin MonoManager ReloadAssembly
Native extension for WindowsStandalone target not found
Refreshing native plugins compatible for Editor in 1.34 ms, found 1 plugins.
Preloading 0 native plugins for Editor in 0.00 ms.
Mono: successfully reloaded assembly
- Completed reload, in  1.973 seconds
Platform modules already initialized, skipping
========================================================================
Worker process is ready to serve import requests
Launched and connected shader compiler UnityShaderCompiler.exe after 0.09 seconds
Refreshing native plugins compatible for Editor in 1.77 ms, found 1 plugins.
Preloading 0 native plugins for Editor in 0.00 ms.
Unloading 3252 Unused Serialized files (Serialized files now loaded: 0)
System memory in use before: 121.3 MB.
System memory in use after: 121.5 MB.

Unloading 55 unused Assets to reduce memory usage. Loaded Objects now: 3677.
Total: 7.158200 ms (FindLiveObjects: 0.551800 ms CreateObjectMapping: 0.275500 ms MarkObjects: 6.221800 ms  DeleteObjects: 0.107100 ms)

========================================================================
Received Import Request.
  path: Assets/PipeMeshGenerator.cs
  artifactKey: Guid(9465e1ff6d31f924a9678cf0156f526a) Importer(815301076,1909f56bfc062723c751e8b465ee728b)
Start importing Assets/PipeMeshGenerator.cs using Guid(9465e1ff6d31f924a9678cf0156f526a) Importer(815301076,1909f56bfc062723c751e8b465ee728b)  -> (artifact id: 'abc4a5d436aca508378815a5d2335569') in 0.072614 seconds 
========================================================================
Received Prepare
Registering precompiled user dll's ...
Registered in 0.005769 seconds.
The root folder may contain only these .ruleset files: Default.ruleset, Assembly-CSharp.ruleset, Assembly-CSharp-firstpass.ruleset, Assembly-CSharp-Editor.ruleset, and Assembly-CSharp-Editor-firstpass.ruleset.

Begin MonoManager ReloadAssembly
Native extension for WindowsStandalone target not found
Refreshing native plugins compatible for Editor in 0.91 ms, found 1 plugins.
Preloading 0 native plugins for Editor in 0.00 ms.
Mono: successfully reloaded assembly
- Completed reload, in  1.192 seconds
Platform modules already initialized, skipping
Refreshing native plugins compatible for Editor in 1.18 ms, found 1 plugins.
Preloading 0 native plugins for Editor in 0.00 ms.
Unloading 3246 Unused Serialized files (Serialized files now loaded: 0)
System memory in use before: 121.2 MB.
System memory in use after: 121.5 MB.

Unloading 46 unused Assets to reduce memory usage. Loaded Objects now: 3680.
Total: 5.757500 ms (FindLiveObjects: 0.298600 ms CreateObjectMapping: 0.167700 ms MarkObjects: 5.185000 ms  DeleteObjects: 0.104800 ms)

========================================================================
Received Prepare
Registering precompiled user dll's ...
Registered in 0.005240 seconds.
The root folder may contain only these .ruleset files: Default.ruleset, Assembly-CSharp.ruleset, Assembly-CSharp-firstpass.ruleset, Assembly-CSharp-Editor.ruleset, and Assembly-CSharp-Editor-firstpass.ruleset.

Begin MonoManager ReloadAssembly
Native extension for WindowsStandalone target not found
Refreshing native plugins compatible for Editor in 1.14 ms, found 1 plugins.
Preloading 0 native plugins for Editor in 0.00 ms.
Mono: successfully reloaded assembly
- Completed reload, in  1.272 seconds
Platform modules already initialized, skipping
Refreshing native plugins compatible for Editor in 0.89 ms, found 1 plugins.
Preloading 0 native plugins for Editor in 0.00 ms.
Unloading 3246 Unused Serialized files (Serialized files now loaded: 0)
System memory in use before: 121.3 MB.
System memory in use after: 121.5 MB.

Unloading 46 unused Assets to reduce memory usage. Loaded Objects now: 3683.
Total: 5.963900 ms (FindLiveObjects: 0.272300 ms CreateObjectMapping: 0.179400 ms MarkObjects: 5.385900 ms  DeleteObjects: 0.124800 ms)

========================================================================
Received Prepare
Registering precompiled user dll's ...
Registered in 0.005612 seconds.
The root folder may contain only these .ruleset files: Default.ruleset, Assembly-CSharp.ruleset, Assembly-CSharp-firstpass.ruleset, Assembly-CSharp-Editor.ruleset, and Assembly-CSharp-Editor-firstpass.ruleset.

Begin MonoManager ReloadAssembly
Native extension for WindowsStandalone target not found
Refreshing native plugins compatible for Editor in 0.98 ms, found 1 plugins.
Preloading 0 native plugins for Editor in 0.00 ms.
Mono: successfully reloaded assembly
- Completed reload, in  1.274 seconds
Platform modules already initialized, skipping
Refreshing native plugins compatible for Editor in 0.95 ms, found 1 plugins.
Preloading 0 native plugins for Editor in 0.00 ms.
Unloading 3246 Unused Serialized files (Serialized files now loaded: 0)
System memory in use before: 121.3 MB.
System memory in use after: 121.5 MB.

Unloading 46 unused Assets to reduce memory usage. Loaded Objects now: 3686.
Total: 6.511200 ms (FindLiveObjects: 0.482800 ms CreateObjectMapping: 0.285400 ms MarkObjects: 5.669600 ms  DeleteObjects: 0.071800 ms)

========================================================================
Received Prepare
Registering precompiled user dll's ...
Registered in 0.003406 seconds.
The root folder may contain only these .ruleset files: Default.ruleset, Assembly-CSharp.ruleset, Assembly-CSharp-firstpass.ruleset, Assembly-CSharp-Editor.ruleset, and Assembly-CSharp-Editor-firstpass.ruleset.

Begin MonoManager ReloadAssembly
Native extension for WindowsStandalone target not found
Refreshing native plugins compatible for Editor in 0.98 ms, found 1 plugins.
Preloading 0 native plugins for Editor in 0.00 ms.
Mono: successfully reloaded assembly
- Completed reload, in  1.490 seconds
Platform modules already initialized, skipping
Refreshing native plugins compatible for Editor in 1.12 ms, found 1 plugins.
Preloading 0 native plugins for Editor in 0.00 ms.
Unloading 3246 Unused Serialized files (Serialized files now loaded: 0)
System memory in use before: 121.3 MB.
System memory in use after: 121.6 MB.

Unloading 46 unused Assets to reduce memory usage. Loaded Objects now: 3689.
Total: 6.003100 ms (FindLiveObjects: 0.315800 ms CreateObjectMapping: 0.176300 ms MarkObjects: 5.446000 ms  DeleteObjects: 0.063800 ms)

========================================================================
Received Prepare
Registering precompiled user dll's ...
Registered in 0.004731 seconds.
The root folder may contain only these .ruleset files: Default.ruleset, Assembly-CSharp.ruleset, Assembly-CSharp-firstpass.ruleset, Assembly-CSharp-Editor.ruleset, and Assembly-CSharp-Editor-firstpass.ruleset.

Begin MonoManager ReloadAssembly
Native extension for WindowsStandalone target not found
Refreshing native plugins compatible for Editor in 0.83 ms, found 1 plugins.
Preloading 0 native plugins for Editor in 0.00 ms.
Mono: successfully reloaded assembly
- Completed reload, in  1.365 seconds
Platform modules already initialized, skipping
Refreshing native plugins compatible for Editor in 0.84 ms, found 1 plugins.
Preloading 0 native plugins for Editor in 0.00 ms.
Unloading 3246 Unused Serialized files (Serialized files now loaded: 0)
System memory in use before: 121.4 MB.
System memory in use after: 121.6 MB.

Unloading 46 unused Assets to reduce memory usage. Loaded Objects now: 3692.
Total: 6.791000 ms (FindLiveObjects: 0.424000 ms CreateObjectMapping: 0.314100 ms MarkObjects: 5.990600 ms  DeleteObjects: 0.060000 ms)

========================================================================
Received Prepare
Registering precompiled user dll's ...
Registered in 0.003456 seconds.
The root folder may contain only these .ruleset files: Default.ruleset, Assembly-CSharp.ruleset, Assembly-CSharp-firstpass.ruleset, Assembly-CSharp-Editor.ruleset, and Assembly-CSharp-Editor-firstpass.ruleset.

Begin MonoManager ReloadAssembly
Native extension for WindowsStandalone target not found
Refreshing native plugins compatible for Editor in 1.09 ms, found 1 plugins.
Preloading 0 native plugins for Editor in 0.00 ms.
Mono: successfully reloaded assembly
- Completed reload, in  1.330 seconds
Platform modules already initialized, skipping
Refreshing native plugins compatible for Editor in 1.06 ms, found 1 plugins.
Preloading 0 native plugins for Editor in 0.00 ms.
Unloading 3246 Unused Serialized files (Serialized files now loaded: 0)
System memory in use before: 121.4 MB.
System memory in use after: 121.6 MB.

Unloading 46 unused Assets to reduce memory usage. Loaded Objects now: 3695.
Total: 6.776600 ms (FindLiveObjects: 0.417100 ms CreateObjectMapping: 0.191200 ms MarkObjects: 6.026100 ms  DeleteObjects: 0.138200 ms)

========================================================================
Received Prepare
Registering precompiled user dll's ...
Registered in 0.003885 seconds.
The root folder may contain only these .ruleset files: Default.ruleset, Assembly-CSharp.ruleset, Assembly-CSharp-firstpass.ruleset, Assembly-CSharp-Editor.ruleset, and Assembly-CSharp-Editor-firstpass.ruleset.

Begin MonoManager ReloadAssembly
Native extension for WindowsStandalone target not found
Refreshing native plugins compatible for Editor in 0.81 ms, found 1 plugins.
Preloading 0 native plugins for Editor in 0.00 ms.
Mono: successfully reloaded assembly
- Completed reload, in  1.270 seconds
Platform modules already initialized, skipping
Refreshing native plugins compatible for Editor in 0.81 ms, found 1 plugins.
Preloading 0 native plugins for Editor in 0.00 ms.
Unloading 3246 Unused Serialized files (Serialized files now loaded: 0)
System memory in use before: 121.4 MB.
System memory in use after: 121.6 MB.

Unloading 46 unused Assets to reduce memory usage. Loaded Objects now: 3698.
Total: 6.751800 ms (FindLiveObjects: 0.472200 ms CreateObjectMapping: 0.226400 ms MarkObjects: 5.961100 ms  DeleteObjects: 0.091100 ms)

========================================================================
Received Prepare
Registering precompiled user dll's ...
Registered in 0.003400 seconds.
The root folder may contain only these .ruleset files: Default.ruleset, Assembly-CSharp.ruleset, Assembly-CSharp-firstpass.ruleset, Assembly-CSharp-Editor.ruleset, and Assembly-CSharp-Editor-firstpass.ruleset.

Begin MonoManager ReloadAssembly
Native extension for WindowsStandalone target not found
Refreshing native plugins compatible for Editor in 0.81 ms, found 1 plugins.
Preloading 0 native plugins for Editor in 0.00 ms.
Mono: successfully reloaded assembly
- Completed reload, in  1.572 seconds
Platform modules already initialized, skipping
Refreshing native plugins compatible for Editor in 1.06 ms, found 1 plugins.
Preloading 0 native plugins for Editor in 0.00 ms.
Unloading 3246 Unused Serialized files (Serialized files now loaded: 0)
System memory in use before: 121.4 MB.
System memory in use after: 121.6 MB.

Unloading 46 unused Assets to reduce memory usage. Loaded Objects now: 3701.
Total: 7.092200 ms (FindLiveObjects: 0.293300 ms CreateObjectMapping: 0.221700 ms MarkObjects: 6.508600 ms  DeleteObjects: 0.066800 ms)

========================================================================
Received Prepare
Registering precompiled user dll's ...
Registered in 0.003743 seconds.
The root folder may contain only these .ruleset files: Default.ruleset, Assembly-CSharp.ruleset, Assembly-CSharp-firstpass.ruleset, Assembly-CSharp-Editor.ruleset, and Assembly-CSharp-Editor-firstpass.ruleset.

Begin MonoManager ReloadAssembly
Native extension for WindowsStandalone target not found
Refreshing native plugins compatible for Editor in 1.01 ms, found 1 plugins.
Preloading 0 native plugins for Editor in 0.00 ms.
Mono: successfully reloaded assembly
- Completed reload, in  1.322 seconds
Platform modules already initialized, skipping
Refreshing native plugins compatible for Editor in 0.80 ms, found 1 plugins.
Preloading 0 native plugins for Editor in 0.00 ms.
Unloading 3246 Unused Serialized files (Serialized files now loaded: 0)
System memory in use before: 121.4 MB.
System memory in use after: 121.6 MB.

Unloading 46 unused Assets to reduce memory usage. Loaded Objects now: 3704.
Total: 6.358400 ms (FindLiveObjects: 0.412000 ms CreateObjectMapping: 0.224100 ms MarkObjects: 5.657300 ms  DeleteObjects: 0.062700 ms)

========================================================================
Received Prepare
Registering precompiled user dll's ...
Registered in 0.074681 seconds.
The root folder may contain only these .ruleset files: Default.ruleset, Assembly-CSharp.ruleset, Assembly-CSharp-firstpass.ruleset, Assembly-CSharp-Editor.ruleset, and Assembly-CSharp-Editor-firstpass.ruleset.

Begin MonoManager ReloadAssembly
Native extension for WindowsStandalone target not found
Refreshing native plugins compatible for Editor in 1.08 ms, found 1 plugins.
Preloading 0 native plugins for Editor in 0.00 ms.
Mono: successfully reloaded assembly
- Completed reload, in  1.793 seconds
Platform modules already initialized, skipping
Refreshing native plugins compatible for Editor in 0.97 ms, found 1 plugins.
Preloading 0 native plugins for Editor in 0.00 ms.
Unloading 3246 Unused Serialized files (Serialized files now loaded: 0)
System memory in use before: 121.4 MB.
System memory in use after: 121.6 MB.

Unloading 46 unused Assets to reduce memory usage. Loaded Objects now: 3707.
Total: 6.667400 ms (FindLiveObjects: 0.392600 ms CreateObjectMapping: 0.211900 ms MarkObjects: 5.845300 ms  DeleteObjects: 0.214900 ms)

========================================================================
Received Prepare
Registering precompiled user dll's ...
Registered in 0.003154 seconds.
The root folder may contain only these .ruleset files: Default.ruleset, Assembly-CSharp.ruleset, Assembly-CSharp-firstpass.ruleset, Assembly-CSharp-Editor.ruleset, and Assembly-CSharp-Editor-firstpass.ruleset.

Begin MonoManager ReloadAssembly
Native extension for WindowsStandalone target not found
Refreshing native plugins compatible for Editor in 1.57 ms, found 1 plugins.
Preloading 0 native plugins for Editor in 0.00 ms.
Mono: successfully reloaded assembly
- Completed reload, in  1.242 seconds
Platform modules already initialized, skipping
Refreshing native plugins compatible for Editor in 0.89 ms, found 1 plugins.
Preloading 0 native plugins for Editor in 0.00 ms.
Unloading 3246 Unused Serialized files (Serialized files now loaded: 0)
System memory in use before: 121.4 MB.
System memory in use after: 121.6 MB.

Unloading 46 unused Assets to reduce memory usage. Loaded Objects now: 3710.
Total: 6.514000 ms (FindLiveObjects: 0.438600 ms CreateObjectMapping: 0.274400 ms MarkObjects: 5.709500 ms  DeleteObjects: 0.089200 ms)

AssetImportWorkerClient::OnTransportError - code=2 error=End of file
