Using pre-set license
Built from '2021.1/staging' branch; Version is '2021.1.5f1 (3737af19df53) revision 3618735'; Using compiler version '192528614'; Build Type 'Release'
OS: 'Windows 10 Home; OS build 19042.928; Version 2009; 64bit' Language: 'ja' Physical Memory: 32702 MB
BatchMode: 1, IsHumanControllingUs: 0, StartBugReporterOnCrash: 0, Is64bit: 1, IsPro: 0

 COMMAND LINE ARGUMENTS:
C:\Program Files\Unity\Hub\Editor\2021.1.5f1\Editor\Unity.exe
-adb2
-batchMode
-noUpm
-name
AssetImportWorker2
-projectPath
D:/Users/根本　晟碩/Documents/GitHub/CameraOperatorMod/kcurves
-logFile
Logs/AssetImportWorker2.log
-srvPort
60012
Successfully changed project path to: D:/Users/根本　晟碩/Documents/GitHub/CameraOperatorMod/kcurves
D:/Users/根本　晟碩/Documents/GitHub/CameraOperatorMod/kcurves
Using Asset Import Pipeline V2.
Refreshing native plugins compatible for Editor in 83.08 ms, found 1 plugins.
Preloading 0 native plugins for Editor in 0.00 ms.
Initialize engine version: 2021.1.5f1 (3737af19df53)
[Subsystems] Discovering subsystems at path C:/Program Files/Unity/Hub/Editor/2021.1.5f1/Editor/Data/Resources/UnitySubsystems
[Subsystems] Discovering subsystems at path D:/Users/根本　晟碩/Documents/GitHub/CameraOperatorMod/kcurves/Assets
GfxDevice: creating device client; threaded=0; jobified=0
Direct3D:
    Version:  Direct3D 11.0 [level 11.1]
    Renderer: NVIDIA GeForce GTX 1060 6GB (ID=0x1c03)
    Vendor:   NVIDIA
    VRAM:     6052 MB
    Driver:   27.21.14.6627
Initialize mono
Mono path[0] = 'C:/Program Files/Unity/Hub/Editor/2021.1.5f1/Editor/Data/Managed'
Mono path[1] = 'C:/Program Files/Unity/Hub/Editor/2021.1.5f1/Editor/Data/MonoBleedingEdge/lib/mono/unityjit'
Mono config path = 'C:/Program Files/Unity/Hub/Editor/2021.1.5f1/Editor/Data/MonoBleedingEdge/etc'
Using monoOptions --debugger-agent=transport=dt_socket,embedding=1,server=y,suspend=n,address=127.0.0.1:56332
Begin MonoManager ReloadAssembly
Registering precompiled unity dll's ...
Register platform support module: C:/Program Files/Unity/Hub/Editor/2021.1.5f1/Editor/Data/PlaybackEngines/WindowsStandaloneSupport/UnityEditor.WindowsStandalone.Extensions.dll
Registered in 0.002257 seconds.
Native extension for WindowsStandalone target not found
Refreshing native plugins compatible for Editor in 88.75 ms, found 1 plugins.
Preloading 0 native plugins for Editor in 0.00 ms.
Mono: successfully reloaded assembly
- Completed reload, in  1.627 seconds
Platform modules already initialized, skipping
Registering precompiled user dll's ...
Registered in 0.002321 seconds.
The root folder may contain only these .ruleset files: Default.ruleset, Assembly-CSharp.ruleset, Assembly-CSharp-firstpass.ruleset, Assembly-CSharp-Editor.ruleset, and Assembly-CSharp-Editor-firstpass.ruleset.

Begin MonoManager ReloadAssembly
Native extension for WindowsStandalone target not found
Refreshing native plugins compatible for Editor in 0.88 ms, found 1 plugins.
Preloading 0 native plugins for Editor in 0.00 ms.
Mono: successfully reloaded assembly
- Completed reload, in  1.108 seconds
Platform modules already initialized, skipping
========================================================================
Worker process is ready to serve import requests
Launched and connected shader compiler UnityShaderCompiler.exe after 0.16 seconds
Refreshing native plugins compatible for Editor in 0.58 ms, found 1 plugins.
Preloading 0 native plugins for Editor in 0.00 ms.
Unloading 2699 Unused Serialized files (Serialized files now loaded: 0)
System memory in use before: 103.7 MB.
System memory in use after: 103.8 MB.

Unloading 15 unused Assets to reduce memory usage. Loaded Objects now: 3151.
Total: 3.003700 ms (FindLiveObjects: 0.515100 ms CreateObjectMapping: 0.178500 ms MarkObjects: 2.210800 ms  DeleteObjects: 0.098200 ms)

========================================================================
Received Import Request.
  path: Assets/Tests
  artifactKey: Guid(82e6f52a8d0751840a7b666f723b87aa) Importer(815301076,1909f56bfc062723c751e8b465ee728b)
Start importing Assets/Tests using Guid(82e6f52a8d0751840a7b666f723b87aa) Importer(815301076,1909f56bfc062723c751e8b465ee728b)  -> (artifact id: '9da532c12e1e90366d846654839415da') in 0.010455 seconds 
========================================================================
Received Prepare
Refreshing native plugins compatible for Editor in 1.87 ms, found 1 plugins.
Preloading 0 native plugins for Editor in 0.00 ms.
Unloading 8 Unused Serialized files (Serialized files now loaded: 0)
System memory in use before: 50.2 MB.
System memory in use after: 50.4 MB.

Unloading 8 unused Assets to reduce memory usage. Loaded Objects now: 3151.
Total: 3.858700 ms (FindLiveObjects: 0.331900 ms CreateObjectMapping: 0.229900 ms MarkObjects: 3.241000 ms  DeleteObjects: 0.054000 ms)

========================================================================
Received Import Request.
  Time since last request: 933.416868 seconds.
  path: Assets/Tests/Tests.asmdef
  artifactKey: Guid(1033ba8c4ad0bb249891c449cd2f6137) Importer(815301076,1909f56bfc062723c751e8b465ee728b)
Start importing Assets/Tests/Tests.asmdef using Guid(1033ba8c4ad0bb249891c449cd2f6137) Importer(815301076,1909f56bfc062723c751e8b465ee728b)  -> (artifact id: 'c5be6cc0bd7e9855131cf4866eabbc60') in 0.019911 seconds 
========================================================================
Received Prepare
Registering precompiled user dll's ...
Registered in 0.002466 seconds.
The root folder may contain only these .ruleset files: Default.ruleset, Assembly-CSharp.ruleset, Assembly-CSharp-firstpass.ruleset, Assembly-CSharp-Editor.ruleset, and Assembly-CSharp-Editor-firstpass.ruleset.

Begin MonoManager ReloadAssembly
Native extension for WindowsStandalone target not found
Refreshing native plugins compatible for Editor in 3.92 ms, found 1 plugins.
Preloading 0 native plugins for Editor in 0.00 ms.
Mono: successfully reloaded assembly
- Completed reload, in  1.239 seconds
Platform modules already initialized, skipping
Refreshing native plugins compatible for Editor in 0.67 ms, found 1 plugins.
Preloading 0 native plugins for Editor in 0.00 ms.
Unloading 2694 Unused Serialized files (Serialized files now loaded: 0)
System memory in use before: 103.6 MB.
System memory in use after: 103.8 MB.

Unloading 10 unused Assets to reduce memory usage. Loaded Objects now: 3154.
Total: 2.193200 ms (FindLiveObjects: 0.274800 ms CreateObjectMapping: 0.200300 ms MarkObjects: 1.571000 ms  DeleteObjects: 0.146300 ms)

========================================================================
Received Import Request.
  Time since last request: 2829.820705 seconds.
  path: Assets/Tests/Tests.asmdef
  artifactKey: Guid(1033ba8c4ad0bb249891c449cd2f6137) Importer(815301076,1909f56bfc062723c751e8b465ee728b)
Start importing Assets/Tests/Tests.asmdef using Guid(1033ba8c4ad0bb249891c449cd2f6137) Importer(815301076,1909f56bfc062723c751e8b465ee728b)  -> (artifact id: 'fbeed1de4e11f3513e50acd9ff95c6c8') in 0.012805 seconds 
========================================================================
Received Prepare
Registering precompiled user dll's ...
Registered in 0.002534 seconds.
The root folder may contain only these .ruleset files: Default.ruleset, Assembly-CSharp.ruleset, Assembly-CSharp-firstpass.ruleset, Assembly-CSharp-Editor.ruleset, and Assembly-CSharp-Editor-firstpass.ruleset.

Begin MonoManager ReloadAssembly
Native extension for WindowsStandalone target not found
Refreshing native plugins compatible for Editor in 0.62 ms, found 1 plugins.
Preloading 0 native plugins for Editor in 0.00 ms.
Mono: successfully reloaded assembly
- Completed reload, in  1.230 seconds
Platform modules already initialized, skipping
Refreshing native plugins compatible for Editor in 0.73 ms, found 1 plugins.
Preloading 0 native plugins for Editor in 0.00 ms.
Unloading 2694 Unused Serialized files (Serialized files now loaded: 0)
System memory in use before: 103.7 MB.
System memory in use after: 103.9 MB.

Unloading 10 unused Assets to reduce memory usage. Loaded Objects now: 3157.
Total: 2.267300 ms (FindLiveObjects: 0.280200 ms CreateObjectMapping: 0.202400 ms MarkObjects: 1.725400 ms  DeleteObjects: 0.058000 ms)

========================================================================
Received Prepare
Registering precompiled user dll's ...
Registered in 0.002168 seconds.
The root folder may contain only these .ruleset files: Default.ruleset, Assembly-CSharp.ruleset, Assembly-CSharp-firstpass.ruleset, Assembly-CSharp-Editor.ruleset, and Assembly-CSharp-Editor-firstpass.ruleset.

Begin MonoManager ReloadAssembly
Native extension for WindowsStandalone target not found
Refreshing native plugins compatible for Editor in 0.46 ms, found 1 plugins.
Preloading 0 native plugins for Editor in 0.00 ms.
Mono: successfully reloaded assembly
- Completed reload, in  1.199 seconds
Platform modules already initialized, skipping
Refreshing native plugins compatible for Editor in 0.79 ms, found 1 plugins.
Preloading 0 native plugins for Editor in 0.00 ms.
Unloading 2694 Unused Serialized files (Serialized files now loaded: 0)
System memory in use before: 103.7 MB.
System memory in use after: 103.9 MB.

Unloading 10 unused Assets to reduce memory usage. Loaded Objects now: 3160.
Total: 2.880600 ms (FindLiveObjects: 0.218200 ms CreateObjectMapping: 0.120600 ms MarkObjects: 2.475200 ms  DeleteObjects: 0.065400 ms)

========================================================================
Received Prepare
Registering precompiled user dll's ...
Registered in 0.002383 seconds.
The root folder may contain only these .ruleset files: Default.ruleset, Assembly-CSharp.ruleset, Assembly-CSharp-firstpass.ruleset, Assembly-CSharp-Editor.ruleset, and Assembly-CSharp-Editor-firstpass.ruleset.

Begin MonoManager ReloadAssembly
Native extension for WindowsStandalone target not found
Refreshing native plugins compatible for Editor in 0.91 ms, found 1 plugins.
Preloading 0 native plugins for Editor in 0.00 ms.
Mono: successfully reloaded assembly
- Completed reload, in  1.247 seconds
Platform modules already initialized, skipping
Refreshing native plugins compatible for Editor in 0.46 ms, found 1 plugins.
Preloading 0 native plugins for Editor in 0.00 ms.
Unloading 2694 Unused Serialized files (Serialized files now loaded: 0)
System memory in use before: 103.7 MB.
System memory in use after: 103.9 MB.

Unloading 10 unused Assets to reduce memory usage. Loaded Objects now: 3163.
Total: 2.197400 ms (FindLiveObjects: 0.295400 ms CreateObjectMapping: 0.162900 ms MarkObjects: 1.652600 ms  DeleteObjects: 0.084500 ms)

========================================================================
Received Prepare
Registering precompiled user dll's ...
Registered in 0.003472 seconds.
The root folder may contain only these .ruleset files: Default.ruleset, Assembly-CSharp.ruleset, Assembly-CSharp-firstpass.ruleset, Assembly-CSharp-Editor.ruleset, and Assembly-CSharp-Editor-firstpass.ruleset.

Begin MonoManager ReloadAssembly
Native extension for WindowsStandalone target not found
Refreshing native plugins compatible for Editor in 0.79 ms, found 1 plugins.
Preloading 0 native plugins for Editor in 0.00 ms.
Mono: successfully reloaded assembly
- Completed reload, in  1.279 seconds
Platform modules already initialized, skipping
Refreshing native plugins compatible for Editor in 1.16 ms, found 1 plugins.
Preloading 0 native plugins for Editor in 0.00 ms.
Unloading 2694 Unused Serialized files (Serialized files now loaded: 0)
System memory in use before: 103.7 MB.
System memory in use after: 103.9 MB.

Unloading 10 unused Assets to reduce memory usage. Loaded Objects now: 3166.
Total: 2.953500 ms (FindLiveObjects: 0.392100 ms CreateObjectMapping: 0.243200 ms MarkObjects: 2.259100 ms  DeleteObjects: 0.057400 ms)

========================================================================
Received Prepare
Registering precompiled user dll's ...
Registered in 0.004045 seconds.
The root folder may contain only these .ruleset files: Default.ruleset, Assembly-CSharp.ruleset, Assembly-CSharp-firstpass.ruleset, Assembly-CSharp-Editor.ruleset, and Assembly-CSharp-Editor-firstpass.ruleset.

Begin MonoManager ReloadAssembly
Native extension for WindowsStandalone target not found
Refreshing native plugins compatible for Editor in 0.50 ms, found 1 plugins.
Preloading 0 native plugins for Editor in 0.00 ms.
Mono: successfully reloaded assembly
- Completed reload, in  1.348 seconds
Platform modules already initialized, skipping
Refreshing native plugins compatible for Editor in 0.73 ms, found 1 plugins.
Preloading 0 native plugins for Editor in 0.00 ms.
Unloading 2694 Unused Serialized files (Serialized files now loaded: 0)
System memory in use before: 103.8 MB.
System memory in use after: 103.9 MB.

Unloading 10 unused Assets to reduce memory usage. Loaded Objects now: 3169.
Total: 2.451000 ms (FindLiveObjects: 0.252500 ms CreateObjectMapping: 0.143800 ms MarkObjects: 1.998300 ms  DeleteObjects: 0.055000 ms)

========================================================================
Received Prepare
Registering precompiled user dll's ...
Registered in 0.002208 seconds.
The root folder may contain only these .ruleset files: Default.ruleset, Assembly-CSharp.ruleset, Assembly-CSharp-firstpass.ruleset, Assembly-CSharp-Editor.ruleset, and Assembly-CSharp-Editor-firstpass.ruleset.

Begin MonoManager ReloadAssembly
Native extension for WindowsStandalone target not found
Refreshing native plugins compatible for Editor in 0.65 ms, found 1 plugins.
Preloading 0 native plugins for Editor in 0.00 ms.
Mono: successfully reloaded assembly
- Completed reload, in  1.182 seconds
Platform modules already initialized, skipping
Refreshing native plugins compatible for Editor in 0.79 ms, found 1 plugins.
Preloading 0 native plugins for Editor in 0.00 ms.
Unloading 2694 Unused Serialized files (Serialized files now loaded: 0)
System memory in use before: 103.8 MB.
System memory in use after: 104.0 MB.

Unloading 10 unused Assets to reduce memory usage. Loaded Objects now: 3172.
Total: 2.528900 ms (FindLiveObjects: 0.230600 ms CreateObjectMapping: 0.156900 ms MarkObjects: 2.067000 ms  DeleteObjects: 0.073300 ms)

========================================================================
Received Prepare
Registering precompiled user dll's ...
Registered in 0.005206 seconds.
The root folder may contain only these .ruleset files: Default.ruleset, Assembly-CSharp.ruleset, Assembly-CSharp-firstpass.ruleset, Assembly-CSharp-Editor.ruleset, and Assembly-CSharp-Editor-firstpass.ruleset.

Begin MonoManager ReloadAssembly
Native extension for WindowsStandalone target not found
Refreshing native plugins compatible for Editor in 0.68 ms, found 1 plugins.
Preloading 0 native plugins for Editor in 0.00 ms.
Mono: successfully reloaded assembly
- Completed reload, in  1.223 seconds
Platform modules already initialized, skipping
Refreshing native plugins compatible for Editor in 0.57 ms, found 1 plugins.
Preloading 0 native plugins for Editor in 0.00 ms.
Unloading 2694 Unused Serialized files (Serialized files now loaded: 0)
System memory in use before: 103.8 MB.
System memory in use after: 104.0 MB.

Unloading 10 unused Assets to reduce memory usage. Loaded Objects now: 3175.
Total: 2.779100 ms (FindLiveObjects: 0.339100 ms CreateObjectMapping: 0.128400 ms MarkObjects: 2.254300 ms  DeleteObjects: 0.055800 ms)

========================================================================
Received Prepare
Registering precompiled user dll's ...
Registered in 0.002780 seconds.
The root folder may contain only these .ruleset files: Default.ruleset, Assembly-CSharp.ruleset, Assembly-CSharp-firstpass.ruleset, Assembly-CSharp-Editor.ruleset, and Assembly-CSharp-Editor-firstpass.ruleset.

Begin MonoManager ReloadAssembly
Native extension for WindowsStandalone target not found
Refreshing native plugins compatible for Editor in 1.26 ms, found 1 plugins.
Preloading 0 native plugins for Editor in 0.00 ms.
Mono: successfully reloaded assembly
- Completed reload, in  2.493 seconds
Platform modules already initialized, skipping
Refreshing native plugins compatible for Editor in 0.89 ms, found 1 plugins.
Preloading 0 native plugins for Editor in 0.00 ms.
Unloading 2694 Unused Serialized files (Serialized files now loaded: 0)
System memory in use before: 103.8 MB.
System memory in use after: 104.0 MB.

Unloading 10 unused Assets to reduce memory usage. Loaded Objects now: 3178.
Total: 5.025600 ms (FindLiveObjects: 0.552500 ms CreateObjectMapping: 0.333300 ms MarkObjects: 4.056900 ms  DeleteObjects: 0.081000 ms)

========================================================================
Received Prepare
Registering precompiled user dll's ...
Registered in 0.002345 seconds.
The root folder may contain only these .ruleset files: Default.ruleset, Assembly-CSharp.ruleset, Assembly-CSharp-firstpass.ruleset, Assembly-CSharp-Editor.ruleset, and Assembly-CSharp-Editor-firstpass.ruleset.

Begin MonoManager ReloadAssembly
Native extension for WindowsStandalone target not found
Refreshing native plugins compatible for Editor in 0.76 ms, found 1 plugins.
Preloading 0 native plugins for Editor in 0.00 ms.
Mono: successfully reloaded assembly
- Completed reload, in  1.138 seconds
Platform modules already initialized, skipping
Refreshing native plugins compatible for Editor in 0.55 ms, found 1 plugins.
Preloading 0 native plugins for Editor in 0.00 ms.
Unloading 2694 Unused Serialized files (Serialized files now loaded: 0)
System memory in use before: 103.8 MB.
System memory in use after: 104.0 MB.

Unloading 10 unused Assets to reduce memory usage. Loaded Objects now: 3181.
Total: 2.992100 ms (FindLiveObjects: 0.334900 ms CreateObjectMapping: 0.144300 ms MarkObjects: 2.434300 ms  DeleteObjects: 0.077400 ms)

========================================================================
Received Prepare
Registering precompiled user dll's ...
Registered in 0.002283 seconds.
The root folder may contain only these .ruleset files: Default.ruleset, Assembly-CSharp.ruleset, Assembly-CSharp-firstpass.ruleset, Assembly-CSharp-Editor.ruleset, and Assembly-CSharp-Editor-firstpass.ruleset.

Begin MonoManager ReloadAssembly
Native extension for WindowsStandalone target not found
Refreshing native plugins compatible for Editor in 0.50 ms, found 1 plugins.
Preloading 0 native plugins for Editor in 0.00 ms.
Mono: successfully reloaded assembly
- Completed reload, in  1.046 seconds
Platform modules already initialized, skipping
Refreshing native plugins compatible for Editor in 0.49 ms, found 1 plugins.
Preloading 0 native plugins for Editor in 0.00 ms.
Unloading 2694 Unused Serialized files (Serialized files now loaded: 0)
System memory in use before: 103.8 MB.
System memory in use after: 104.0 MB.

Unloading 10 unused Assets to reduce memory usage. Loaded Objects now: 3184.
Total: 2.291200 ms (FindLiveObjects: 0.314600 ms CreateObjectMapping: 0.104700 ms MarkObjects: 1.795700 ms  DeleteObjects: 0.075500 ms)

========================================================================
Received Prepare
Registering precompiled user dll's ...
Registered in 0.003491 seconds.
The root folder may contain only these .ruleset files: Default.ruleset, Assembly-CSharp.ruleset, Assembly-CSharp-firstpass.ruleset, Assembly-CSharp-Editor.ruleset, and Assembly-CSharp-Editor-firstpass.ruleset.

Begin MonoManager ReloadAssembly
Native extension for WindowsStandalone target not found
Refreshing native plugins compatible for Editor in 0.52 ms, found 1 plugins.
Preloading 0 native plugins for Editor in 0.00 ms.
Mono: successfully reloaded assembly
- Completed reload, in  1.028 seconds
Platform modules already initialized, skipping
Refreshing native plugins compatible for Editor in 0.46 ms, found 1 plugins.
Preloading 0 native plugins for Editor in 0.00 ms.
Unloading 2694 Unused Serialized files (Serialized files now loaded: 0)
System memory in use before: 103.8 MB.
System memory in use after: 104.0 MB.

Unloading 10 unused Assets to reduce memory usage. Loaded Objects now: 3187.
Total: 2.912300 ms (FindLiveObjects: 0.234400 ms CreateObjectMapping: 0.160900 ms MarkObjects: 2.414600 ms  DeleteObjects: 0.101400 ms)

========================================================================
Received Prepare
Registering precompiled user dll's ...
Registered in 0.002840 seconds.
The root folder may contain only these .ruleset files: Default.ruleset, Assembly-CSharp.ruleset, Assembly-CSharp-firstpass.ruleset, Assembly-CSharp-Editor.ruleset, and Assembly-CSharp-Editor-firstpass.ruleset.

Begin MonoManager ReloadAssembly
Native extension for WindowsStandalone target not found
Refreshing native plugins compatible for Editor in 0.74 ms, found 1 plugins.
Preloading 0 native plugins for Editor in 0.00 ms.
Mono: successfully reloaded assembly
- Completed reload, in  1.129 seconds
Platform modules already initialized, skipping
Refreshing native plugins compatible for Editor in 0.69 ms, found 1 plugins.
Preloading 0 native plugins for Editor in 0.00 ms.
Unloading 2694 Unused Serialized files (Serialized files now loaded: 0)
System memory in use before: 103.8 MB.
System memory in use after: 104.0 MB.

Unloading 10 unused Assets to reduce memory usage. Loaded Objects now: 3190.
Total: 3.228600 ms (FindLiveObjects: 0.265100 ms CreateObjectMapping: 0.170400 ms MarkObjects: 2.727600 ms  DeleteObjects: 0.064300 ms)

========================================================================
Received Prepare
Registering precompiled user dll's ...
Registered in 0.002214 seconds.
The root folder may contain only these .ruleset files: Default.ruleset, Assembly-CSharp.ruleset, Assembly-CSharp-firstpass.ruleset, Assembly-CSharp-Editor.ruleset, and Assembly-CSharp-Editor-firstpass.ruleset.

Begin MonoManager ReloadAssembly
Native extension for WindowsStandalone target not found
Refreshing native plugins compatible for Editor in 0.47 ms, found 1 plugins.
Preloading 0 native plugins for Editor in 0.00 ms.
Mono: successfully reloaded assembly
- Completed reload, in  1.121 seconds
Platform modules already initialized, skipping
Refreshing native plugins compatible for Editor in 0.50 ms, found 1 plugins.
Preloading 0 native plugins for Editor in 0.00 ms.
Unloading 2694 Unused Serialized files (Serialized files now loaded: 0)
System memory in use before: 103.8 MB.
System memory in use after: 104.0 MB.

Unloading 10 unused Assets to reduce memory usage. Loaded Objects now: 3193.
Total: 2.242900 ms (FindLiveObjects: 0.245900 ms CreateObjectMapping: 0.174500 ms MarkObjects: 1.766800 ms  DeleteObjects: 0.055100 ms)

========================================================================
Received Prepare
Registering precompiled user dll's ...
Registered in 0.002205 seconds.
The root folder may contain only these .ruleset files: Default.ruleset, Assembly-CSharp.ruleset, Assembly-CSharp-firstpass.ruleset, Assembly-CSharp-Editor.ruleset, and Assembly-CSharp-Editor-firstpass.ruleset.

Begin MonoManager ReloadAssembly
Native extension for WindowsStandalone target not found
Refreshing native plugins compatible for Editor in 0.49 ms, found 1 plugins.
Preloading 0 native plugins for Editor in 0.00 ms.
Mono: successfully reloaded assembly
- Completed reload, in  1.184 seconds
Platform modules already initialized, skipping
Refreshing native plugins compatible for Editor in 0.46 ms, found 1 plugins.
Preloading 0 native plugins for Editor in 0.00 ms.
Unloading 2694 Unused Serialized files (Serialized files now loaded: 0)
System memory in use before: 103.8 MB.
System memory in use after: 104.0 MB.

Unloading 10 unused Assets to reduce memory usage. Loaded Objects now: 3196.
Total: 2.483100 ms (FindLiveObjects: 0.516800 ms CreateObjectMapping: 0.256000 ms MarkObjects: 1.641800 ms  DeleteObjects: 0.067200 ms)

========================================================================
Received Prepare
Registering precompiled user dll's ...
Registered in 0.002447 seconds.
The root folder may contain only these .ruleset files: Default.ruleset, Assembly-CSharp.ruleset, Assembly-CSharp-firstpass.ruleset, Assembly-CSharp-Editor.ruleset, and Assembly-CSharp-Editor-firstpass.ruleset.

Begin MonoManager ReloadAssembly
Native extension for WindowsStandalone target not found
Refreshing native plugins compatible for Editor in 0.70 ms, found 1 plugins.
Preloading 0 native plugins for Editor in 0.00 ms.
Mono: successfully reloaded assembly
- Completed reload, in  1.183 seconds
Platform modules already initialized, skipping
Refreshing native plugins compatible for Editor in 0.45 ms, found 1 plugins.
Preloading 0 native plugins for Editor in 0.00 ms.
Unloading 2694 Unused Serialized files (Serialized files now loaded: 0)
System memory in use before: 103.8 MB.
System memory in use after: 104.0 MB.

Unloading 10 unused Assets to reduce memory usage. Loaded Objects now: 3199.
Total: 4.551900 ms (FindLiveObjects: 0.700900 ms CreateObjectMapping: 0.760600 ms MarkObjects: 3.017500 ms  DeleteObjects: 0.071200 ms)

========================================================================
Received Prepare
Registering precompiled user dll's ...
Registered in 0.002857 seconds.
The root folder may contain only these .ruleset files: Default.ruleset, Assembly-CSharp.ruleset, Assembly-CSharp-firstpass.ruleset, Assembly-CSharp-Editor.ruleset, and Assembly-CSharp-Editor-firstpass.ruleset.

Begin MonoManager ReloadAssembly
Native extension for WindowsStandalone target not found
Refreshing native plugins compatible for Editor in 0.78 ms, found 1 plugins.
Preloading 0 native plugins for Editor in 0.00 ms.
Mono: successfully reloaded assembly
- Completed reload, in  1.126 seconds
Platform modules already initialized, skipping
Refreshing native plugins compatible for Editor in 0.55 ms, found 1 plugins.
Preloading 0 native plugins for Editor in 0.00 ms.
Unloading 2694 Unused Serialized files (Serialized files now loaded: 0)
System memory in use before: 103.8 MB.
System memory in use after: 104.0 MB.

Unloading 10 unused Assets to reduce memory usage. Loaded Objects now: 3202.
Total: 2.972900 ms (FindLiveObjects: 0.344100 ms CreateObjectMapping: 0.191800 ms MarkObjects: 2.392300 ms  DeleteObjects: 0.043900 ms)

========================================================================
Received Prepare
Registering precompiled user dll's ...
Registered in 0.003197 seconds.
The root folder may contain only these .ruleset files: Default.ruleset, Assembly-CSharp.ruleset, Assembly-CSharp-firstpass.ruleset, Assembly-CSharp-Editor.ruleset, and Assembly-CSharp-Editor-firstpass.ruleset.

Begin MonoManager ReloadAssembly
Native extension for WindowsStandalone target not found
Refreshing native plugins compatible for Editor in 0.50 ms, found 1 plugins.
Preloading 0 native plugins for Editor in 0.00 ms.
Mono: successfully reloaded assembly
- Completed reload, in  1.205 seconds
Platform modules already initialized, skipping
Refreshing native plugins compatible for Editor in 0.47 ms, found 1 plugins.
Preloading 0 native plugins for Editor in 0.00 ms.
Unloading 2694 Unused Serialized files (Serialized files now loaded: 0)
System memory in use before: 103.8 MB.
System memory in use after: 104.0 MB.

Unloading 10 unused Assets to reduce memory usage. Loaded Objects now: 3205.
Total: 2.313500 ms (FindLiveObjects: 0.297100 ms CreateObjectMapping: 0.150500 ms MarkObjects: 1.815700 ms  DeleteObjects: 0.049100 ms)

========================================================================
Received Prepare
Registering precompiled user dll's ...
Registered in 0.006045 seconds.
The root folder may contain only these .ruleset files: Default.ruleset, Assembly-CSharp.ruleset, Assembly-CSharp-firstpass.ruleset, Assembly-CSharp-Editor.ruleset, and Assembly-CSharp-Editor-firstpass.ruleset.

Begin MonoManager ReloadAssembly
Native extension for WindowsStandalone target not found
Refreshing native plugins compatible for Editor in 0.47 ms, found 1 plugins.
Preloading 0 native plugins for Editor in 0.00 ms.
Mono: successfully reloaded assembly
- Completed reload, in  1.515 seconds
Platform modules already initialized, skipping
Refreshing native plugins compatible for Editor in 0.48 ms, found 1 plugins.
Preloading 0 native plugins for Editor in 0.00 ms.
Unloading 2694 Unused Serialized files (Serialized files now loaded: 0)
System memory in use before: 103.8 MB.
System memory in use after: 104.0 MB.

Unloading 10 unused Assets to reduce memory usage. Loaded Objects now: 3208.
Total: 2.036000 ms (FindLiveObjects: 0.247500 ms CreateObjectMapping: 0.131200 ms MarkObjects: 1.587300 ms  DeleteObjects: 0.069000 ms)

========================================================================
Received Prepare
Registering precompiled user dll's ...
Registered in 0.003648 seconds.
The root folder may contain only these .ruleset files: Default.ruleset, Assembly-CSharp.ruleset, Assembly-CSharp-firstpass.ruleset, Assembly-CSharp-Editor.ruleset, and Assembly-CSharp-Editor-firstpass.ruleset.

Begin MonoManager ReloadAssembly
Native extension for WindowsStandalone target not found
Refreshing native plugins compatible for Editor in 0.57 ms, found 1 plugins.
Preloading 0 native plugins for Editor in 0.00 ms.
Mono: successfully reloaded assembly
- Completed reload, in  1.316 seconds
Platform modules already initialized, skipping
Refreshing native plugins compatible for Editor in 0.52 ms, found 1 plugins.
Preloading 0 native plugins for Editor in 0.00 ms.
Unloading 2694 Unused Serialized files (Serialized files now loaded: 0)
System memory in use before: 103.8 MB.
System memory in use after: 104.0 MB.

Unloading 10 unused Assets to reduce memory usage. Loaded Objects now: 3211.
Total: 4.135000 ms (FindLiveObjects: 0.502700 ms CreateObjectMapping: 0.703200 ms MarkObjects: 2.877400 ms  DeleteObjects: 0.050400 ms)

========================================================================
Received Prepare
Registering precompiled user dll's ...
Registered in 0.004096 seconds.
The root folder may contain only these .ruleset files: Default.ruleset, Assembly-CSharp.ruleset, Assembly-CSharp-firstpass.ruleset, Assembly-CSharp-Editor.ruleset, and Assembly-CSharp-Editor-firstpass.ruleset.

Begin MonoManager ReloadAssembly
Native extension for WindowsStandalone target not found
Refreshing native plugins compatible for Editor in 0.74 ms, found 1 plugins.
Preloading 0 native plugins for Editor in 0.00 ms.
Mono: successfully reloaded assembly
- Completed reload, in  1.287 seconds
Platform modules already initialized, skipping
Refreshing native plugins compatible for Editor in 0.46 ms, found 1 plugins.
Preloading 0 native plugins for Editor in 0.00 ms.
Unloading 2694 Unused Serialized files (Serialized files now loaded: 0)
System memory in use before: 103.8 MB.
System memory in use after: 104.0 MB.

Unloading 10 unused Assets to reduce memory usage. Loaded Objects now: 3214.
Total: 3.063100 ms (FindLiveObjects: 0.241900 ms CreateObjectMapping: 0.140800 ms MarkObjects: 2.612400 ms  DeleteObjects: 0.066900 ms)

========================================================================
Received Prepare
Registering precompiled user dll's ...
Registered in 0.002132 seconds.
The root folder may contain only these .ruleset files: Default.ruleset, Assembly-CSharp.ruleset, Assembly-CSharp-firstpass.ruleset, Assembly-CSharp-Editor.ruleset, and Assembly-CSharp-Editor-firstpass.ruleset.

Begin MonoManager ReloadAssembly
Native extension for WindowsStandalone target not found
Refreshing native plugins compatible for Editor in 0.49 ms, found 1 plugins.
Preloading 0 native plugins for Editor in 0.00 ms.
Mono: successfully reloaded assembly
- Completed reload, in  1.662 seconds
Platform modules already initialized, skipping
Refreshing native plugins compatible for Editor in 0.67 ms, found 1 plugins.
Preloading 0 native plugins for Editor in 0.00 ms.
Unloading 2694 Unused Serialized files (Serialized files now loaded: 0)
System memory in use before: 103.8 MB.
System memory in use after: 104.0 MB.

Unloading 10 unused Assets to reduce memory usage. Loaded Objects now: 3217.
Total: 2.621700 ms (FindLiveObjects: 0.421400 ms CreateObjectMapping: 0.216900 ms MarkObjects: 1.931200 ms  DeleteObjects: 0.050600 ms)

========================================================================
Received Prepare
Registering precompiled user dll's ...
Registered in 0.003177 seconds.
The root folder may contain only these .ruleset files: Default.ruleset, Assembly-CSharp.ruleset, Assembly-CSharp-firstpass.ruleset, Assembly-CSharp-Editor.ruleset, and Assembly-CSharp-Editor-firstpass.ruleset.

Begin MonoManager ReloadAssembly
Native extension for WindowsStandalone target not found
Refreshing native plugins compatible for Editor in 0.49 ms, found 1 plugins.
Preloading 0 native plugins for Editor in 0.00 ms.
Mono: successfully reloaded assembly
- Completed reload, in  1.388 seconds
Platform modules already initialized, skipping
Refreshing native plugins compatible for Editor in 0.82 ms, found 1 plugins.
Preloading 0 native plugins for Editor in 0.00 ms.
Unloading 2694 Unused Serialized files (Serialized files now loaded: 0)
System memory in use before: 103.8 MB.
System memory in use after: 104.0 MB.

Unloading 10 unused Assets to reduce memory usage. Loaded Objects now: 3220.
Total: 2.754800 ms (FindLiveObjects: 0.494900 ms CreateObjectMapping: 0.283900 ms MarkObjects: 1.926600 ms  DeleteObjects: 0.048200 ms)

========================================================================
Received Prepare
Registering precompiled user dll's ...
Registered in 0.002132 seconds.
The root folder may contain only these .ruleset files: Default.ruleset, Assembly-CSharp.ruleset, Assembly-CSharp-firstpass.ruleset, Assembly-CSharp-Editor.ruleset, and Assembly-CSharp-Editor-firstpass.ruleset.

Begin MonoManager ReloadAssembly
Native extension for WindowsStandalone target not found
Refreshing native plugins compatible for Editor in 1.07 ms, found 1 plugins.
Preloading 0 native plugins for Editor in 0.00 ms.
Mono: successfully reloaded assembly
- Completed reload, in  1.238 seconds
Platform modules already initialized, skipping
Refreshing native plugins compatible for Editor in 0.56 ms, found 1 plugins.
Preloading 0 native plugins for Editor in 0.00 ms.
Unloading 2694 Unused Serialized files (Serialized files now loaded: 0)
System memory in use before: 103.8 MB.
System memory in use after: 104.0 MB.

Unloading 10 unused Assets to reduce memory usage. Loaded Objects now: 3223.
Total: 2.177500 ms (FindLiveObjects: 0.321500 ms CreateObjectMapping: 0.183300 ms MarkObjects: 1.628600 ms  DeleteObjects: 0.043000 ms)

========================================================================
Received Prepare
Registering precompiled user dll's ...
Registered in 0.003206 seconds.
The root folder may contain only these .ruleset files: Default.ruleset, Assembly-CSharp.ruleset, Assembly-CSharp-firstpass.ruleset, Assembly-CSharp-Editor.ruleset, and Assembly-CSharp-Editor-firstpass.ruleset.

Begin MonoManager ReloadAssembly
Native extension for WindowsStandalone target not found
Refreshing native plugins compatible for Editor in 0.86 ms, found 1 plugins.
Preloading 0 native plugins for Editor in 0.00 ms.
Mono: successfully reloaded assembly
- Completed reload, in  1.375 seconds
Platform modules already initialized, skipping
Refreshing native plugins compatible for Editor in 0.48 ms, found 1 plugins.
Preloading 0 native plugins for Editor in 0.00 ms.
Unloading 2694 Unused Serialized files (Serialized files now loaded: 0)
System memory in use before: 103.9 MB.
System memory in use after: 104.1 MB.

Unloading 10 unused Assets to reduce memory usage. Loaded Objects now: 3226.
Total: 9.316300 ms (FindLiveObjects: 0.634700 ms CreateObjectMapping: 0.329700 ms MarkObjects: 8.267000 ms  DeleteObjects: 0.082100 ms)

========================================================================
Received Prepare
Registering precompiled user dll's ...
Registered in 0.002137 seconds.
The root folder may contain only these .ruleset files: Default.ruleset, Assembly-CSharp.ruleset, Assembly-CSharp-firstpass.ruleset, Assembly-CSharp-Editor.ruleset, and Assembly-CSharp-Editor-firstpass.ruleset.

Begin MonoManager ReloadAssembly
Native extension for WindowsStandalone target not found
Refreshing native plugins compatible for Editor in 0.51 ms, found 1 plugins.
Preloading 0 native plugins for Editor in 0.00 ms.
Mono: successfully reloaded assembly
- Completed reload, in  1.233 seconds
Platform modules already initialized, skipping
Refreshing native plugins compatible for Editor in 0.46 ms, found 1 plugins.
Preloading 0 native plugins for Editor in 0.00 ms.
Unloading 2694 Unused Serialized files (Serialized files now loaded: 0)
System memory in use before: 103.9 MB.
System memory in use after: 104.1 MB.

Unloading 10 unused Assets to reduce memory usage. Loaded Objects now: 3229.
Total: 2.144900 ms (FindLiveObjects: 0.276700 ms CreateObjectMapping: 0.170500 ms MarkObjects: 1.649500 ms  DeleteObjects: 0.047400 ms)

========================================================================
Received Prepare
Registering precompiled user dll's ...
Registered in 0.002130 seconds.
The root folder may contain only these .ruleset files: Default.ruleset, Assembly-CSharp.ruleset, Assembly-CSharp-firstpass.ruleset, Assembly-CSharp-Editor.ruleset, and Assembly-CSharp-Editor-firstpass.ruleset.

Begin MonoManager ReloadAssembly
Native extension for WindowsStandalone target not found
Refreshing native plugins compatible for Editor in 0.69 ms, found 1 plugins.
Preloading 0 native plugins for Editor in 0.00 ms.
Mono: successfully reloaded assembly
- Completed reload, in  1.051 seconds
Platform modules already initialized, skipping
Refreshing native plugins compatible for Editor in 0.53 ms, found 1 plugins.
Preloading 0 native plugins for Editor in 0.00 ms.
Unloading 2694 Unused Serialized files (Serialized files now loaded: 0)
System memory in use before: 103.9 MB.
System memory in use after: 104.1 MB.

Unloading 10 unused Assets to reduce memory usage. Loaded Objects now: 3232.
Total: 2.284600 ms (FindLiveObjects: 0.228900 ms CreateObjectMapping: 0.122900 ms MarkObjects: 1.844700 ms  DeleteObjects: 0.087300 ms)

========================================================================
Received Prepare
Registering precompiled user dll's ...
Registered in 0.002229 seconds.
The root folder may contain only these .ruleset files: Default.ruleset, Assembly-CSharp.ruleset, Assembly-CSharp-firstpass.ruleset, Assembly-CSharp-Editor.ruleset, and Assembly-CSharp-Editor-firstpass.ruleset.

Begin MonoManager ReloadAssembly
Native extension for WindowsStandalone target not found
Refreshing native plugins compatible for Editor in 0.50 ms, found 1 plugins.
Preloading 0 native plugins for Editor in 0.00 ms.
Mono: successfully reloaded assembly
- Completed reload, in  1.200 seconds
Platform modules already initialized, skipping
Refreshing native plugins compatible for Editor in 0.52 ms, found 1 plugins.
Preloading 0 native plugins for Editor in 0.00 ms.
Unloading 2694 Unused Serialized files (Serialized files now loaded: 0)
System memory in use before: 103.9 MB.
System memory in use after: 104.1 MB.

Unloading 10 unused Assets to reduce memory usage. Loaded Objects now: 3235.
Total: 2.898100 ms (FindLiveObjects: 0.268600 ms CreateObjectMapping: 0.139300 ms MarkObjects: 2.444900 ms  DeleteObjects: 0.044200 ms)

========================================================================
Received Prepare
Registering precompiled user dll's ...
Registered in 0.003390 seconds.
The root folder may contain only these .ruleset files: Default.ruleset, Assembly-CSharp.ruleset, Assembly-CSharp-firstpass.ruleset, Assembly-CSharp-Editor.ruleset, and Assembly-CSharp-Editor-firstpass.ruleset.

Begin MonoManager ReloadAssembly
Native extension for WindowsStandalone target not found
Refreshing native plugins compatible for Editor in 0.50 ms, found 1 plugins.
Preloading 0 native plugins for Editor in 0.00 ms.
Mono: successfully reloaded assembly
- Completed reload, in  1.223 seconds
Platform modules already initialized, skipping
Refreshing native plugins compatible for Editor in 0.93 ms, found 1 plugins.
Preloading 0 native plugins for Editor in 0.00 ms.
Unloading 2694 Unused Serialized files (Serialized files now loaded: 0)
System memory in use before: 103.9 MB.
System memory in use after: 104.1 MB.

Unloading 10 unused Assets to reduce memory usage. Loaded Objects now: 3238.
Total: 15.902300 ms (FindLiveObjects: 0.624500 ms CreateObjectMapping: 0.327900 ms MarkObjects: 14.881400 ms  DeleteObjects: 0.066700 ms)

========================================================================
Received Prepare
Registering precompiled user dll's ...
Registered in 0.002209 seconds.
The root folder may contain only these .ruleset files: Default.ruleset, Assembly-CSharp.ruleset, Assembly-CSharp-firstpass.ruleset, Assembly-CSharp-Editor.ruleset, and Assembly-CSharp-Editor-firstpass.ruleset.

Begin MonoManager ReloadAssembly
Native extension for WindowsStandalone target not found
Refreshing native plugins compatible for Editor in 0.49 ms, found 1 plugins.
Preloading 0 native plugins for Editor in 0.00 ms.
Mono: successfully reloaded assembly
- Completed reload, in  1.198 seconds
Platform modules already initialized, skipping
Refreshing native plugins compatible for Editor in 0.47 ms, found 1 plugins.
Preloading 0 native plugins for Editor in 0.00 ms.
Unloading 2694 Unused Serialized files (Serialized files now loaded: 0)
System memory in use before: 103.9 MB.
System memory in use after: 104.1 MB.

Unloading 10 unused Assets to reduce memory usage. Loaded Objects now: 3241.
Total: 1.913400 ms (FindLiveObjects: 0.224000 ms CreateObjectMapping: 0.114500 ms MarkObjects: 1.529700 ms  DeleteObjects: 0.044300 ms)

========================================================================
Received Prepare
Registering precompiled user dll's ...
Registered in 0.002145 seconds.
The root folder may contain only these .ruleset files: Default.ruleset, Assembly-CSharp.ruleset, Assembly-CSharp-firstpass.ruleset, Assembly-CSharp-Editor.ruleset, and Assembly-CSharp-Editor-firstpass.ruleset.

Begin MonoManager ReloadAssembly
Native extension for WindowsStandalone target not found
Refreshing native plugins compatible for Editor in 0.56 ms, found 1 plugins.
Preloading 0 native plugins for Editor in 0.00 ms.
Mono: successfully reloaded assembly
- Completed reload, in  1.308 seconds
Platform modules already initialized, skipping
Refreshing native plugins compatible for Editor in 0.53 ms, found 1 plugins.
Preloading 0 native plugins for Editor in 0.00 ms.
Unloading 2694 Unused Serialized files (Serialized files now loaded: 0)
System memory in use before: 103.9 MB.
System memory in use after: 104.1 MB.

Unloading 10 unused Assets to reduce memory usage. Loaded Objects now: 3244.
Total: 5.968400 ms (FindLiveObjects: 0.407700 ms CreateObjectMapping: 0.219400 ms MarkObjects: 5.270100 ms  DeleteObjects: 0.069300 ms)

========================================================================
Received Prepare
Registering precompiled user dll's ...
Registered in 0.002122 seconds.
The root folder may contain only these .ruleset files: Default.ruleset, Assembly-CSharp.ruleset, Assembly-CSharp-firstpass.ruleset, Assembly-CSharp-Editor.ruleset, and Assembly-CSharp-Editor-firstpass.ruleset.

Begin MonoManager ReloadAssembly
Native extension for WindowsStandalone target not found
Refreshing native plugins compatible for Editor in 0.60 ms, found 1 plugins.
Preloading 0 native plugins for Editor in 0.00 ms.
Mono: successfully reloaded assembly
- Completed reload, in  1.258 seconds
Platform modules already initialized, skipping
Refreshing native plugins compatible for Editor in 0.51 ms, found 1 plugins.
Preloading 0 native plugins for Editor in 0.00 ms.
Unloading 2694 Unused Serialized files (Serialized files now loaded: 0)
System memory in use before: 103.9 MB.
System memory in use after: 104.1 MB.

Unloading 10 unused Assets to reduce memory usage. Loaded Objects now: 3247.
Total: 7.071800 ms (FindLiveObjects: 2.056600 ms CreateObjectMapping: 0.341700 ms MarkObjects: 4.596400 ms  DeleteObjects: 0.075800 ms)

========================================================================
Received Prepare
Registering precompiled user dll's ...
Registered in 0.002441 seconds.
The root folder may contain only these .ruleset files: Default.ruleset, Assembly-CSharp.ruleset, Assembly-CSharp-firstpass.ruleset, Assembly-CSharp-Editor.ruleset, and Assembly-CSharp-Editor-firstpass.ruleset.

Begin MonoManager ReloadAssembly
Native extension for WindowsStandalone target not found
Refreshing native plugins compatible for Editor in 1.52 ms, found 1 plugins.
Preloading 0 native plugins for Editor in 0.00 ms.
Mono: successfully reloaded assembly
- Completed reload, in  1.484 seconds
Platform modules already initialized, skipping
Refreshing native plugins compatible for Editor in 0.46 ms, found 1 plugins.
Preloading 0 native plugins for Editor in 0.00 ms.
Unloading 2694 Unused Serialized files (Serialized files now loaded: 0)
System memory in use before: 103.9 MB.
System memory in use after: 104.1 MB.

Unloading 10 unused Assets to reduce memory usage. Loaded Objects now: 3250.
Total: 3.022400 ms (FindLiveObjects: 0.339300 ms CreateObjectMapping: 0.193900 ms MarkObjects: 2.438400 ms  DeleteObjects: 0.049600 ms)

========================================================================
Received Prepare
Registering precompiled user dll's ...
Registered in 0.003234 seconds.
The root folder may contain only these .ruleset files: Default.ruleset, Assembly-CSharp.ruleset, Assembly-CSharp-firstpass.ruleset, Assembly-CSharp-Editor.ruleset, and Assembly-CSharp-Editor-firstpass.ruleset.

Begin MonoManager ReloadAssembly
Native extension for WindowsStandalone target not found
Refreshing native plugins compatible for Editor in 0.55 ms, found 1 plugins.
Preloading 0 native plugins for Editor in 0.00 ms.
Mono: successfully reloaded assembly
- Completed reload, in  1.319 seconds
Platform modules already initialized, skipping
Refreshing native plugins compatible for Editor in 0.50 ms, found 1 plugins.
Preloading 0 native plugins for Editor in 0.00 ms.
Unloading 2694 Unused Serialized files (Serialized files now loaded: 0)
System memory in use before: 103.9 MB.
System memory in use after: 104.1 MB.

Unloading 10 unused Assets to reduce memory usage. Loaded Objects now: 3253.
Total: 4.492300 ms (FindLiveObjects: 0.698800 ms CreateObjectMapping: 0.306100 ms MarkObjects: 3.403700 ms  DeleteObjects: 0.082000 ms)

========================================================================
Received Prepare
Registering precompiled user dll's ...
Registered in 0.002534 seconds.
The root folder may contain only these .ruleset files: Default.ruleset, Assembly-CSharp.ruleset, Assembly-CSharp-firstpass.ruleset, Assembly-CSharp-Editor.ruleset, and Assembly-CSharp-Editor-firstpass.ruleset.

Begin MonoManager ReloadAssembly
Native extension for WindowsStandalone target not found
Refreshing native plugins compatible for Editor in 1.12 ms, found 1 plugins.
Preloading 0 native plugins for Editor in 0.00 ms.
Mono: successfully reloaded assembly
- Completed reload, in  1.920 seconds
Platform modules already initialized, skipping
Refreshing native plugins compatible for Editor in 1.01 ms, found 1 plugins.
Preloading 0 native plugins for Editor in 0.00 ms.
Unloading 2694 Unused Serialized files (Serialized files now loaded: 0)
System memory in use before: 103.9 MB.
System memory in use after: 104.1 MB.

Unloading 10 unused Assets to reduce memory usage. Loaded Objects now: 3256.
Total: 2.656000 ms (FindLiveObjects: 0.233100 ms CreateObjectMapping: 0.130300 ms MarkObjects: 2.214100 ms  DeleteObjects: 0.077400 ms)

========================================================================
Received Prepare
Registering precompiled user dll's ...
Registered in 0.002293 seconds.
The root folder may contain only these .ruleset files: Default.ruleset, Assembly-CSharp.ruleset, Assembly-CSharp-firstpass.ruleset, Assembly-CSharp-Editor.ruleset, and Assembly-CSharp-Editor-firstpass.ruleset.

Begin MonoManager ReloadAssembly
Native extension for WindowsStandalone target not found
Refreshing native plugins compatible for Editor in 1.00 ms, found 1 plugins.
Preloading 0 native plugins for Editor in 0.01 ms.
Mono: successfully reloaded assembly
- Completed reload, in  1.663 seconds
Platform modules already initialized, skipping
Refreshing native plugins compatible for Editor in 0.62 ms, found 1 plugins.
Preloading 0 native plugins for Editor in 0.00 ms.
Unloading 2694 Unused Serialized files (Serialized files now loaded: 0)
System memory in use before: 103.9 MB.
System memory in use after: 104.1 MB.

Unloading 10 unused Assets to reduce memory usage. Loaded Objects now: 3259.
Total: 3.470000 ms (FindLiveObjects: 0.381500 ms CreateObjectMapping: 0.203700 ms MarkObjects: 2.811400 ms  DeleteObjects: 0.071800 ms)

========================================================================
Received Prepare
Registering precompiled user dll's ...
Registered in 0.008258 seconds.
The root folder may contain only these .ruleset files: Default.ruleset, Assembly-CSharp.ruleset, Assembly-CSharp-firstpass.ruleset, Assembly-CSharp-Editor.ruleset, and Assembly-CSharp-Editor-firstpass.ruleset.

Begin MonoManager ReloadAssembly
Native extension for WindowsStandalone target not found
Refreshing native plugins compatible for Editor in 0.48 ms, found 1 plugins.
Preloading 0 native plugins for Editor in 0.00 ms.
Mono: successfully reloaded assembly
- Completed reload, in  1.556 seconds
Platform modules already initialized, skipping
Refreshing native plugins compatible for Editor in 0.50 ms, found 1 plugins.
Preloading 0 native plugins for Editor in 0.00 ms.
Unloading 2694 Unused Serialized files (Serialized files now loaded: 0)
System memory in use before: 103.9 MB.
System memory in use after: 104.1 MB.

Unloading 10 unused Assets to reduce memory usage. Loaded Objects now: 3262.
Total: 2.175400 ms (FindLiveObjects: 0.249800 ms CreateObjectMapping: 0.136700 ms MarkObjects: 1.741200 ms  DeleteObjects: 0.046600 ms)

========================================================================
Received Prepare
Registering precompiled user dll's ...
Registered in 0.002304 seconds.
The root folder may contain only these .ruleset files: Default.ruleset, Assembly-CSharp.ruleset, Assembly-CSharp-firstpass.ruleset, Assembly-CSharp-Editor.ruleset, and Assembly-CSharp-Editor-firstpass.ruleset.

Begin MonoManager ReloadAssembly
Native extension for WindowsStandalone target not found
Refreshing native plugins compatible for Editor in 0.68 ms, found 1 plugins.
Preloading 0 native plugins for Editor in 0.00 ms.
Mono: successfully reloaded assembly
- Completed reload, in  1.165 seconds
Platform modules already initialized, skipping
Refreshing native plugins compatible for Editor in 0.47 ms, found 1 plugins.
Preloading 0 native plugins for Editor in 0.00 ms.
Unloading 2694 Unused Serialized files (Serialized files now loaded: 0)
System memory in use before: 103.9 MB.
System memory in use after: 104.1 MB.

Unloading 10 unused Assets to reduce memory usage. Loaded Objects now: 3265.
Total: 2.363100 ms (FindLiveObjects: 0.273100 ms CreateObjectMapping: 0.206700 ms MarkObjects: 1.834400 ms  DeleteObjects: 0.047800 ms)

========================================================================
Received Prepare
Registering precompiled user dll's ...
Registered in 0.002597 seconds.
The root folder may contain only these .ruleset files: Default.ruleset, Assembly-CSharp.ruleset, Assembly-CSharp-firstpass.ruleset, Assembly-CSharp-Editor.ruleset, and Assembly-CSharp-Editor-firstpass.ruleset.

Begin MonoManager ReloadAssembly
Native extension for WindowsStandalone target not found
Refreshing native plugins compatible for Editor in 0.53 ms, found 1 plugins.
Preloading 0 native plugins for Editor in 0.00 ms.
Mono: successfully reloaded assembly
- Completed reload, in  1.155 seconds
Platform modules already initialized, skipping
Refreshing native plugins compatible for Editor in 0.74 ms, found 1 plugins.
Preloading 0 native plugins for Editor in 0.00 ms.
Unloading 2694 Unused Serialized files (Serialized files now loaded: 0)
System memory in use before: 103.9 MB.
System memory in use after: 104.1 MB.

Unloading 10 unused Assets to reduce memory usage. Loaded Objects now: 3268.
Total: 4.023700 ms (FindLiveObjects: 0.341600 ms CreateObjectMapping: 0.180700 ms MarkObjects: 3.427900 ms  DeleteObjects: 0.071900 ms)

========================================================================
Received Prepare
Registering precompiled user dll's ...
Registered in 0.003409 seconds.
The root folder may contain only these .ruleset files: Default.ruleset, Assembly-CSharp.ruleset, Assembly-CSharp-firstpass.ruleset, Assembly-CSharp-Editor.ruleset, and Assembly-CSharp-Editor-firstpass.ruleset.

Begin MonoManager ReloadAssembly
Native extension for WindowsStandalone target not found
Refreshing native plugins compatible for Editor in 0.81 ms, found 1 plugins.
Preloading 0 native plugins for Editor in 0.00 ms.
Mono: successfully reloaded assembly
- Completed reload, in  1.394 seconds
Platform modules already initialized, skipping
Refreshing native plugins compatible for Editor in 0.60 ms, found 1 plugins.
Preloading 0 native plugins for Editor in 0.00 ms.
Unloading 2694 Unused Serialized files (Serialized files now loaded: 0)
System memory in use before: 103.9 MB.
System memory in use after: 104.1 MB.

Unloading 10 unused Assets to reduce memory usage. Loaded Objects now: 3271.
Total: 3.049100 ms (FindLiveObjects: 0.259400 ms CreateObjectMapping: 0.160400 ms MarkObjects: 2.533900 ms  DeleteObjects: 0.094200 ms)

========================================================================
Received Prepare
Registering precompiled user dll's ...
Registered in 0.003696 seconds.
The root folder may contain only these .ruleset files: Default.ruleset, Assembly-CSharp.ruleset, Assembly-CSharp-firstpass.ruleset, Assembly-CSharp-Editor.ruleset, and Assembly-CSharp-Editor-firstpass.ruleset.

Begin MonoManager ReloadAssembly
Native extension for WindowsStandalone target not found
Refreshing native plugins compatible for Editor in 0.46 ms, found 1 plugins.
Preloading 0 native plugins for Editor in 0.00 ms.
Mono: successfully reloaded assembly
- Completed reload, in  1.188 seconds
Platform modules already initialized, skipping
Refreshing native plugins compatible for Editor in 0.53 ms, found 1 plugins.
Preloading 0 native plugins for Editor in 0.00 ms.
Unloading 2694 Unused Serialized files (Serialized files now loaded: 0)
System memory in use before: 104.0 MB.
System memory in use after: 104.1 MB.

Unloading 10 unused Assets to reduce memory usage. Loaded Objects now: 3274.
Total: 2.105200 ms (FindLiveObjects: 0.252800 ms CreateObjectMapping: 0.144600 ms MarkObjects: 1.658400 ms  DeleteObjects: 0.048300 ms)

========================================================================
Received Prepare
Registering precompiled user dll's ...
Registered in 0.002985 seconds.
The root folder may contain only these .ruleset files: Default.ruleset, Assembly-CSharp.ruleset, Assembly-CSharp-firstpass.ruleset, Assembly-CSharp-Editor.ruleset, and Assembly-CSharp-Editor-firstpass.ruleset.

Begin MonoManager ReloadAssembly
Native extension for WindowsStandalone target not found
Refreshing native plugins compatible for Editor in 0.49 ms, found 1 plugins.
Preloading 0 native plugins for Editor in 0.00 ms.
Mono: successfully reloaded assembly
- Completed reload, in  1.433 seconds
Platform modules already initialized, skipping
Refreshing native plugins compatible for Editor in 0.51 ms, found 1 plugins.
Preloading 0 native plugins for Editor in 0.00 ms.
Unloading 2694 Unused Serialized files (Serialized files now loaded: 0)
System memory in use before: 104.0 MB.
System memory in use after: 104.2 MB.

Unloading 10 unused Assets to reduce memory usage. Loaded Objects now: 3277.
Total: 2.476400 ms (FindLiveObjects: 0.264100 ms CreateObjectMapping: 0.174400 ms MarkObjects: 1.985600 ms  DeleteObjects: 0.051100 ms)

========================================================================
Received Prepare
Registering precompiled user dll's ...
Registered in 0.003851 seconds.
The root folder may contain only these .ruleset files: Default.ruleset, Assembly-CSharp.ruleset, Assembly-CSharp-firstpass.ruleset, Assembly-CSharp-Editor.ruleset, and Assembly-CSharp-Editor-firstpass.ruleset.

Begin MonoManager ReloadAssembly
Native extension for WindowsStandalone target not found
Refreshing native plugins compatible for Editor in 2.31 ms, found 1 plugins.
Preloading 0 native plugins for Editor in 0.00 ms.
Mono: successfully reloaded assembly
- Completed reload, in  1.538 seconds
Platform modules already initialized, skipping
Refreshing native plugins compatible for Editor in 0.85 ms, found 1 plugins.
Preloading 0 native plugins for Editor in 0.00 ms.
Unloading 2694 Unused Serialized files (Serialized files now loaded: 0)
System memory in use before: 104.0 MB.
System memory in use after: 104.2 MB.

Unloading 10 unused Assets to reduce memory usage. Loaded Objects now: 3280.
Total: 2.524100 ms (FindLiveObjects: 0.361800 ms CreateObjectMapping: 0.212700 ms MarkObjects: 1.890500 ms  DeleteObjects: 0.057700 ms)

========================================================================
Received Prepare
Registering precompiled user dll's ...
Registered in 0.010167 seconds.
The root folder may contain only these .ruleset files: Default.ruleset, Assembly-CSharp.ruleset, Assembly-CSharp-firstpass.ruleset, Assembly-CSharp-Editor.ruleset, and Assembly-CSharp-Editor-firstpass.ruleset.

Begin MonoManager ReloadAssembly
Native extension for WindowsStandalone target not found
Refreshing native plugins compatible for Editor in 1.00 ms, found 1 plugins.
Preloading 0 native plugins for Editor in 0.00 ms.
Mono: successfully reloaded assembly
- Completed reload, in  1.480 seconds
Platform modules already initialized, skipping
Refreshing native plugins compatible for Editor in 0.68 ms, found 1 plugins.
Preloading 0 native plugins for Editor in 0.00 ms.
Unloading 2694 Unused Serialized files (Serialized files now loaded: 0)
System memory in use before: 104.0 MB.
System memory in use after: 104.2 MB.

Unloading 10 unused Assets to reduce memory usage. Loaded Objects now: 3283.
Total: 3.233800 ms (FindLiveObjects: 0.366300 ms CreateObjectMapping: 0.293600 ms MarkObjects: 2.518000 ms  DeleteObjects: 0.054700 ms)

========================================================================
Received Prepare
Registering precompiled user dll's ...
Registered in 0.005304 seconds.
The root folder may contain only these .ruleset files: Default.ruleset, Assembly-CSharp.ruleset, Assembly-CSharp-firstpass.ruleset, Assembly-CSharp-Editor.ruleset, and Assembly-CSharp-Editor-firstpass.ruleset.

Begin MonoManager ReloadAssembly
Native extension for WindowsStandalone target not found
Refreshing native plugins compatible for Editor in 0.47 ms, found 1 plugins.
Preloading 0 native plugins for Editor in 0.00 ms.
Mono: successfully reloaded assembly
- Completed reload, in  1.294 seconds
Platform modules already initialized, skipping
Refreshing native plugins compatible for Editor in 0.48 ms, found 1 plugins.
Preloading 0 native plugins for Editor in 0.00 ms.
Unloading 2694 Unused Serialized files (Serialized files now loaded: 0)
System memory in use before: 104.0 MB.
System memory in use after: 104.2 MB.

Unloading 10 unused Assets to reduce memory usage. Loaded Objects now: 3286.
Total: 2.845600 ms (FindLiveObjects: 0.267600 ms CreateObjectMapping: 0.156000 ms MarkObjects: 2.050400 ms  DeleteObjects: 0.370400 ms)

========================================================================
Received Prepare
Registering precompiled user dll's ...
Registered in 0.002706 seconds.
The root folder may contain only these .ruleset files: Default.ruleset, Assembly-CSharp.ruleset, Assembly-CSharp-firstpass.ruleset, Assembly-CSharp-Editor.ruleset, and Assembly-CSharp-Editor-firstpass.ruleset.

Begin MonoManager ReloadAssembly
Native extension for WindowsStandalone target not found
Refreshing native plugins compatible for Editor in 0.74 ms, found 1 plugins.
Preloading 0 native plugins for Editor in 0.00 ms.
Mono: successfully reloaded assembly
- Completed reload, in  1.357 seconds
Platform modules already initialized, skipping
Refreshing native plugins compatible for Editor in 0.56 ms, found 1 plugins.
Preloading 0 native plugins for Editor in 0.00 ms.
Unloading 2694 Unused Serialized files (Serialized files now loaded: 0)
System memory in use before: 104.0 MB.
System memory in use after: 104.2 MB.

Unloading 10 unused Assets to reduce memory usage. Loaded Objects now: 3289.
Total: 2.205200 ms (FindLiveObjects: 0.344900 ms CreateObjectMapping: 0.123100 ms MarkObjects: 1.663800 ms  DeleteObjects: 0.072300 ms)

========================================================================
Received Prepare
Registering precompiled user dll's ...
Registered in 0.002318 seconds.
The root folder may contain only these .ruleset files: Default.ruleset, Assembly-CSharp.ruleset, Assembly-CSharp-firstpass.ruleset, Assembly-CSharp-Editor.ruleset, and Assembly-CSharp-Editor-firstpass.ruleset.

Begin MonoManager ReloadAssembly
Native extension for WindowsStandalone target not found
Refreshing native plugins compatible for Editor in 0.77 ms, found 1 plugins.
Preloading 0 native plugins for Editor in 0.00 ms.
Mono: successfully reloaded assembly
- Completed reload, in  1.506 seconds
Platform modules already initialized, skipping
Refreshing native plugins compatible for Editor in 0.53 ms, found 1 plugins.
Preloading 0 native plugins for Editor in 0.00 ms.
Unloading 2694 Unused Serialized files (Serialized files now loaded: 0)
System memory in use before: 104.0 MB.
System memory in use after: 104.2 MB.

Unloading 10 unused Assets to reduce memory usage. Loaded Objects now: 3292.
Total: 2.282400 ms (FindLiveObjects: 0.360200 ms CreateObjectMapping: 0.156300 ms MarkObjects: 1.690100 ms  DeleteObjects: 0.074700 ms)

========================================================================
Received Import Request.
  Time since last request: 30009.631762 seconds.
  path: Assets/Tests/NewTestScript.cs
  artifactKey: Guid(bf27f8a90d034214c8f0ee4d787359c5) Importer(815301076,1909f56bfc062723c751e8b465ee728b)
Start importing Assets/Tests/NewTestScript.cs using Guid(bf27f8a90d034214c8f0ee4d787359c5) Importer(815301076,1909f56bfc062723c751e8b465ee728b)  -> (artifact id: 'f88c3d8625c724e85096559534e63a06') in 0.019407 seconds 
========================================================================
Received Import Request.
  Time since last request: 2978.242353 seconds.
  path: Assets/Tests/NewTestScript.cs
  artifactKey: Guid(bf27f8a90d034214c8f0ee4d787359c5) Importer(815301076,1909f56bfc062723c751e8b465ee728b)
Start importing Assets/Tests/NewTestScript.cs using Guid(bf27f8a90d034214c8f0ee4d787359c5) Importer(815301076,1909f56bfc062723c751e8b465ee728b)  -> (artifact id: '00000000000000000000000000000000') in 0.001048 seconds  code(4) message(Build asset version error: assets/tests/newtestscript.cs in SourceAssetDB has modification time of '2021-05-13T14:12:57.2285436Z' while content on disk has modification time of '2021-05-13T14:13:39.3843687Z')
  ERROR: Build asset version error: assets/tests/newtestscript.cs in SourceAssetDB has modification time of '2021-05-13T14:12:57.2285436Z' while content on disk has modification time of '2021-05-13T14:13:39.3843687Z'
========================================================================
Received Import Request.
  Time since last request: 723.118716 seconds.
  path: Assets/Tests/NewTestScript.cs
  artifactKey: Guid(bf27f8a90d034214c8f0ee4d787359c5) Importer(815301076,1909f56bfc062723c751e8b465ee728b)
Start importing Assets/Tests/NewTestScript.cs using Guid(bf27f8a90d034214c8f0ee4d787359c5) Importer(815301076,1909f56bfc062723c751e8b465ee728b)  -> (artifact id: '580d72262fedd21f6fe3cfc009d5cce1') in 0.009146 seconds 
========================================================================
Received Import Request.
  Time since last request: 492.064381 seconds.
  path: Assets/Tests/NewTestScript.cs
  artifactKey: Guid(bf27f8a90d034214c8f0ee4d787359c5) Importer(815301076,1909f56bfc062723c751e8b465ee728b)
Start importing Assets/Tests/NewTestScript.cs using Guid(bf27f8a90d034214c8f0ee4d787359c5) Importer(815301076,1909f56bfc062723c751e8b465ee728b)  -> (artifact id: 'fbcc8de3530aac9109958b3ee8466e69') in 0.008227 seconds 
========================================================================
Received Import Request.
  Time since last request: 6.540621 seconds.
  path: Assets/Tests/NewTestScript1.cs
  artifactKey: Guid(8abd2a3e73cda6c428d12cfb02c80a28) Importer(815301076,1909f56bfc062723c751e8b465ee728b)
Start importing Assets/Tests/NewTestScript1.cs using Guid(8abd2a3e73cda6c428d12cfb02c80a28) Importer(815301076,1909f56bfc062723c751e8b465ee728b)  -> (artifact id: '6da767b59679e00f80b5eddfcfc67c42') in 0.010562 seconds 
========================================================================
Received Import Request.
  Time since last request: 28.130551 seconds.
  path: Assets/Tests/NewTestScript.cs
  artifactKey: Guid(bf27f8a90d034214c8f0ee4d787359c5) Importer(815301076,1909f56bfc062723c751e8b465ee728b)
Start importing Assets/Tests/NewTestScript.cs using Guid(bf27f8a90d034214c8f0ee4d787359c5) Importer(815301076,1909f56bfc062723c751e8b465ee728b)  -> (artifact id: 'bd977eceb7f7e4454d3cc53591eeec33') in 0.013651 seconds 
========================================================================
Received Import Request.
  Time since last request: 57.047881 seconds.
  path: Packages/com.unity.test-framework/UnityEditor.TestRunner/UnityEditor.TestRunner.asmdef
  artifactKey: Guid(0acc523941302664db1f4e527237feb3) Importer(815301076,1909f56bfc062723c751e8b465ee728b)
Start importing Packages/com.unity.test-framework/UnityEditor.TestRunner/UnityEditor.TestRunner.asmdef using Guid(0acc523941302664db1f4e527237feb3) Importer(815301076,1909f56bfc062723c751e8b465ee728b)  -> (artifact id: '30bc0b4700ddc1ba5eff0ea418281713') in 0.165823 seconds 
========================================================================
Received Import Request.
  Time since last request: 76.106801 seconds.
  path: Assets/Path.cs
  artifactKey: Guid(4b769dc5798d1c44680d4a99f22784ec) Importer(815301076,1909f56bfc062723c751e8b465ee728b)
Start importing Assets/Path.cs using Guid(4b769dc5798d1c44680d4a99f22784ec) Importer(815301076,1909f56bfc062723c751e8b465ee728b)  -> (artifact id: '0b0993f373138632d93368aa708611b4') in 0.044916 seconds 
========================================================================
Received Import Request.
  Time since last request: 137.023244 seconds.
  path: Assets/NewAssembly.asmdef
  artifactKey: Guid(33810dbed0a7bd348b0cd215e9775c59) Importer(815301076,1909f56bfc062723c751e8b465ee728b)
Start importing Assets/NewAssembly.asmdef using Guid(33810dbed0a7bd348b0cd215e9775c59) Importer(815301076,1909f56bfc062723c751e8b465ee728b)  -> (artifact id: 'c5e289621604dd7cfba64e53022ab213') in 0.008805 seconds 
========================================================================
Received Import Request.
  Time since last request: 140.728113 seconds.
  path: Assets/MyAssembly.asmdef
  artifactKey: Guid(33810dbed0a7bd348b0cd215e9775c59) Importer(815301076,1909f56bfc062723c751e8b465ee728b)
Start importing Assets/MyAssembly.asmdef using Guid(33810dbed0a7bd348b0cd215e9775c59) Importer(815301076,1909f56bfc062723c751e8b465ee728b)  -> (artifact id: '5ef9f8843087bdc799caad3d1b3d8d7e') in 0.040214 seconds 
========================================================================
Received Import Request.
  Time since last request: 6.239985 seconds.
  path: Assets/Tests/Tests.asmdef
  artifactKey: Guid(1033ba8c4ad0bb249891c449cd2f6137) Importer(815301076,1909f56bfc062723c751e8b465ee728b)
Start importing Assets/Tests/Tests.asmdef using Guid(1033ba8c4ad0bb249891c449cd2f6137) Importer(815301076,1909f56bfc062723c751e8b465ee728b)  -> (artifact id: 'b43af893dcacadb3e6a40941ab5a28cd') in 0.007334 seconds 
========================================================================
Received Prepare
Registering precompiled user dll's ...
Registered in 0.002702 seconds.
The root folder may contain only these .ruleset files: Default.ruleset, Assembly-CSharp.ruleset, Assembly-CSharp-firstpass.ruleset, Assembly-CSharp-Editor.ruleset, and Assembly-CSharp-Editor-firstpass.ruleset.

Begin MonoManager ReloadAssembly
Native extension for WindowsStandalone target not found
Refreshing native plugins compatible for Editor in 0.49 ms, found 1 plugins.
Preloading 0 native plugins for Editor in 0.00 ms.
Mono: successfully reloaded assembly
- Completed reload, in  1.251 seconds
Platform modules already initialized, skipping
Refreshing native plugins compatible for Editor in 0.45 ms, found 1 plugins.
Preloading 0 native plugins for Editor in 0.00 ms.
Unloading 2695 Unused Serialized files (Serialized files now loaded: 0)
System memory in use before: 104.1 MB.
System memory in use after: 104.3 MB.

Unloading 10 unused Assets to reduce memory usage. Loaded Objects now: 3296.
Total: 2.398900 ms (FindLiveObjects: 0.346100 ms CreateObjectMapping: 0.232700 ms MarkObjects: 1.749800 ms  DeleteObjects: 0.069300 ms)

========================================================================
Received Prepare
Registering precompiled user dll's ...
Registered in 0.002462 seconds.
The root folder may contain only these .ruleset files: Default.ruleset, Assembly-CSharp.ruleset, Assembly-CSharp-firstpass.ruleset, Assembly-CSharp-Editor.ruleset, and Assembly-CSharp-Editor-firstpass.ruleset.

Begin MonoManager ReloadAssembly
Native extension for WindowsStandalone target not found
Refreshing native plugins compatible for Editor in 1.28 ms, found 1 plugins.
Preloading 0 native plugins for Editor in 0.00 ms.
Mono: successfully reloaded assembly
- Completed reload, in  1.174 seconds
Platform modules already initialized, skipping
Refreshing native plugins compatible for Editor in 0.55 ms, found 1 plugins.
Preloading 0 native plugins for Editor in 0.00 ms.
Unloading 2695 Unused Serialized files (Serialized files now loaded: 0)
System memory in use before: 104.1 MB.
System memory in use after: 104.3 MB.

Unloading 10 unused Assets to reduce memory usage. Loaded Objects now: 3299.
Total: 2.154200 ms (FindLiveObjects: 0.278700 ms CreateObjectMapping: 0.163200 ms MarkObjects: 1.664100 ms  DeleteObjects: 0.047100 ms)

========================================================================
Received Prepare
Registering precompiled user dll's ...
Registered in 0.006137 seconds.
The root folder may contain only these .ruleset files: Default.ruleset, Assembly-CSharp.ruleset, Assembly-CSharp-firstpass.ruleset, Assembly-CSharp-Editor.ruleset, and Assembly-CSharp-Editor-firstpass.ruleset.

Begin MonoManager ReloadAssembly
Native extension for WindowsStandalone target not found
Refreshing native plugins compatible for Editor in 0.51 ms, found 1 plugins.
Preloading 0 native plugins for Editor in 0.00 ms.
Mono: successfully reloaded assembly
- Completed reload, in  1.541 seconds
Platform modules already initialized, skipping
Refreshing native plugins compatible for Editor in 0.48 ms, found 1 plugins.
Preloading 0 native plugins for Editor in 0.00 ms.
Unloading 2695 Unused Serialized files (Serialized files now loaded: 0)
System memory in use before: 104.1 MB.
System memory in use after: 104.3 MB.

Unloading 10 unused Assets to reduce memory usage. Loaded Objects now: 3302.
Total: 2.183600 ms (FindLiveObjects: 0.261700 ms CreateObjectMapping: 0.164900 ms MarkObjects: 1.706800 ms  DeleteObjects: 0.048800 ms)

========================================================================
Received Prepare
Registering precompiled user dll's ...
Registered in 0.002223 seconds.
The root folder may contain only these .ruleset files: Default.ruleset, Assembly-CSharp.ruleset, Assembly-CSharp-firstpass.ruleset, Assembly-CSharp-Editor.ruleset, and Assembly-CSharp-Editor-firstpass.ruleset.

Begin MonoManager ReloadAssembly
Native extension for WindowsStandalone target not found
Refreshing native plugins compatible for Editor in 0.47 ms, found 1 plugins.
Preloading 0 native plugins for Editor in 0.00 ms.
Mono: successfully reloaded assembly
- Completed reload, in  1.435 seconds
Platform modules already initialized, skipping
Refreshing native plugins compatible for Editor in 0.46 ms, found 1 plugins.
Preloading 0 native plugins for Editor in 0.00 ms.
Unloading 2695 Unused Serialized files (Serialized files now loaded: 0)
System memory in use before: 104.1 MB.
System memory in use after: 104.3 MB.

Unloading 10 unused Assets to reduce memory usage. Loaded Objects now: 3305.
Total: 2.303200 ms (FindLiveObjects: 0.298800 ms CreateObjectMapping: 0.189400 ms MarkObjects: 1.757000 ms  DeleteObjects: 0.057100 ms)

========================================================================
Received Prepare
Registering precompiled user dll's ...
Registered in 0.003694 seconds.
The root folder may contain only these .ruleset files: Default.ruleset, Assembly-CSharp.ruleset, Assembly-CSharp-firstpass.ruleset, Assembly-CSharp-Editor.ruleset, and Assembly-CSharp-Editor-firstpass.ruleset.

Begin MonoManager ReloadAssembly
Native extension for WindowsStandalone target not found
Refreshing native plugins compatible for Editor in 0.79 ms, found 1 plugins.
Preloading 0 native plugins for Editor in 0.00 ms.
Mono: successfully reloaded assembly
- Completed reload, in  1.106 seconds
Platform modules already initialized, skipping
Refreshing native plugins compatible for Editor in 0.49 ms, found 1 plugins.
Preloading 0 native plugins for Editor in 0.00 ms.
Unloading 2695 Unused Serialized files (Serialized files now loaded: 0)
System memory in use before: 104.1 MB.
System memory in use after: 104.3 MB.

Unloading 10 unused Assets to reduce memory usage. Loaded Objects now: 3308.
Total: 2.491700 ms (FindLiveObjects: 0.345200 ms CreateObjectMapping: 0.166000 ms MarkObjects: 1.918600 ms  DeleteObjects: 0.060200 ms)

========================================================================
Received Prepare
Registering precompiled user dll's ...
Registered in 0.002127 seconds.
The root folder may contain only these .ruleset files: Default.ruleset, Assembly-CSharp.ruleset, Assembly-CSharp-firstpass.ruleset, Assembly-CSharp-Editor.ruleset, and Assembly-CSharp-Editor-firstpass.ruleset.

Begin MonoManager ReloadAssembly
Native extension for WindowsStandalone target not found
Refreshing native plugins compatible for Editor in 0.46 ms, found 1 plugins.
Preloading 0 native plugins for Editor in 0.00 ms.
Mono: successfully reloaded assembly
- Completed reload, in  1.448 seconds
Platform modules already initialized, skipping
Refreshing native plugins compatible for Editor in 0.71 ms, found 1 plugins.
Preloading 0 native plugins for Editor in 0.00 ms.
Unloading 2695 Unused Serialized files (Serialized files now loaded: 0)
System memory in use before: 104.1 MB.
System memory in use after: 104.3 MB.

Unloading 10 unused Assets to reduce memory usage. Loaded Objects now: 3311.
Total: 2.648800 ms (FindLiveObjects: 0.487300 ms CreateObjectMapping: 0.375100 ms MarkObjects: 1.732500 ms  DeleteObjects: 0.052600 ms)

========================================================================
Received Prepare
Registering precompiled user dll's ...
Registered in 0.002822 seconds.
The root folder may contain only these .ruleset files: Default.ruleset, Assembly-CSharp.ruleset, Assembly-CSharp-firstpass.ruleset, Assembly-CSharp-Editor.ruleset, and Assembly-CSharp-Editor-firstpass.ruleset.

Begin MonoManager ReloadAssembly
Native extension for WindowsStandalone target not found
Refreshing native plugins compatible for Editor in 0.56 ms, found 1 plugins.
Preloading 0 native plugins for Editor in 0.00 ms.
Mono: successfully reloaded assembly
- Completed reload, in  1.208 seconds
Platform modules already initialized, skipping
Refreshing native plugins compatible for Editor in 0.53 ms, found 1 plugins.
Preloading 0 native plugins for Editor in 0.00 ms.
Unloading 2695 Unused Serialized files (Serialized files now loaded: 0)
System memory in use before: 104.1 MB.
System memory in use after: 104.3 MB.

Unloading 10 unused Assets to reduce memory usage. Loaded Objects now: 3314.
Total: 2.404900 ms (FindLiveObjects: 0.254100 ms CreateObjectMapping: 0.107600 ms MarkObjects: 1.987300 ms  DeleteObjects: 0.055000 ms)

========================================================================
Received Prepare
Registering precompiled user dll's ...
Registered in 0.005273 seconds.
The root folder may contain only these .ruleset files: Default.ruleset, Assembly-CSharp.ruleset, Assembly-CSharp-firstpass.ruleset, Assembly-CSharp-Editor.ruleset, and Assembly-CSharp-Editor-firstpass.ruleset.

Begin MonoManager ReloadAssembly
Native extension for WindowsStandalone target not found
Refreshing native plugins compatible for Editor in 0.64 ms, found 1 plugins.
Preloading 0 native plugins for Editor in 0.00 ms.
Mono: successfully reloaded assembly
- Completed reload, in  1.345 seconds
Platform modules already initialized, skipping
Refreshing native plugins compatible for Editor in 0.47 ms, found 1 plugins.
Preloading 0 native plugins for Editor in 0.00 ms.
Unloading 2695 Unused Serialized files (Serialized files now loaded: 0)
System memory in use before: 104.1 MB.
System memory in use after: 104.3 MB.

Unloading 10 unused Assets to reduce memory usage. Loaded Objects now: 3317.
Total: 3.446700 ms (FindLiveObjects: 0.273700 ms CreateObjectMapping: 0.283300 ms MarkObjects: 2.814400 ms  DeleteObjects: 0.074200 ms)

========================================================================
Received Prepare
Registering precompiled user dll's ...
Registered in 0.112650 seconds.
The root folder may contain only these .ruleset files: Default.ruleset, Assembly-CSharp.ruleset, Assembly-CSharp-firstpass.ruleset, Assembly-CSharp-Editor.ruleset, and Assembly-CSharp-Editor-firstpass.ruleset.

Begin MonoManager ReloadAssembly
Native extension for WindowsStandalone target not found
Refreshing native plugins compatible for Editor in 0.73 ms, found 1 plugins.
Preloading 0 native plugins for Editor in 0.00 ms.
Mono: successfully reloaded assembly
- Completed reload, in  1.439 seconds
Platform modules already initialized, skipping
Refreshing native plugins compatible for Editor in 0.56 ms, found 1 plugins.
Preloading 0 native plugins for Editor in 0.00 ms.
Unloading 2695 Unused Serialized files (Serialized files now loaded: 0)
System memory in use before: 104.2 MB.
System memory in use after: 104.4 MB.

Unloading 10 unused Assets to reduce memory usage. Loaded Objects now: 3320.
Total: 2.359100 ms (FindLiveObjects: 0.313200 ms CreateObjectMapping: 0.167800 ms MarkObjects: 1.808900 ms  DeleteObjects: 0.068200 ms)

AssetImportWorkerClient::OnTransportError - code=2 error=End of file
