Using pre-set license
Built from '2021.1/staging' branch; Version is '2021.1.2f1 (e5d502d80fbb) revision 15062274'; Using compiler version '192528614'; Build Type 'Release'
OS: 'Windows 10 Home; OS build 19043.1110; Version 2009; 64bit' Language: 'ja' Physical Memory: 32702 MB
BatchMode: 1, IsHumanControllingUs: 0, StartBugReporterOnCrash: 0, Is64bit: 1, IsPro: 0

 COMMAND LINE ARGUMENTS:
C:\Program Files\Unity\Hub\Editor\2021.1.2f1\Editor\Unity.exe
-adb2
-batchMode
-noUpm
-name
AssetImportWorker0
-projectPath
D:/GitHub/CameraOperatorMod/kcurves
-logFile
Logs/AssetImportWorker0.log
-srvPort
55076
Successfully changed project path to: D:/GitHub/CameraOperatorMod/kcurves
D:/GitHub/CameraOperatorMod/kcurves
Using Asset Import Pipeline V2.
Refreshing native plugins compatible for Editor in 97.44 ms, found 1 plugins.
Preloading 0 native plugins for Editor in 0.00 ms.
Initialize engine version: 2021.1.2f1 (e5d502d80fbb)
[Subsystems] Discovering subsystems at path C:/Program Files/Unity/Hub/Editor/2021.1.2f1/Editor/Data/Resources/UnitySubsystems
[Subsystems] Discovering subsystems at path D:/GitHub/CameraOperatorMod/kcurves/Assets
GfxDevice: creating device client; threaded=0; jobified=0
Direct3D:
    Version:  Direct3D 11.0 [level 11.1]
    Renderer: NVIDIA GeForce GTX 1060 6GB (ID=0x1c03)
    Vendor:   NVIDIA
    VRAM:     6052 MB
    Driver:   30.0.14.7111
Initialize mono
Mono path[0] = 'C:/Program Files/Unity/Hub/Editor/2021.1.2f1/Editor/Data/Managed'
Mono path[1] = 'C:/Program Files/Unity/Hub/Editor/2021.1.2f1/Editor/Data/MonoBleedingEdge/lib/mono/unityjit'
Mono config path = 'C:/Program Files/Unity/Hub/Editor/2021.1.2f1/Editor/Data/MonoBleedingEdge/etc'
Using monoOptions --debugger-agent=transport=dt_socket,embedding=1,server=y,suspend=n,address=127.0.0.1:56392
Begin MonoManager ReloadAssembly
Registering precompiled unity dll's ...
Register platform support module: C:/Program Files/Unity/Hub/Editor/2021.1.2f1/Editor/Data/PlaybackEngines/WindowsStandaloneSupport/UnityEditor.WindowsStandalone.Extensions.dll
Registered in 0.002079 seconds.
Native extension for WindowsStandalone target not found
Refreshing native plugins compatible for Editor in 92.22 ms, found 1 plugins.
Preloading 0 native plugins for Editor in 0.00 ms.
Mono: successfully reloaded assembly
- Completed reload, in  1.662 seconds
Platform modules already initialized, skipping
Registering precompiled user dll's ...
Registered in 0.004272 seconds.
The root folder may contain only these .ruleset files: Default.ruleset, Assembly-CSharp.ruleset, Assembly-CSharp-firstpass.ruleset, Assembly-CSharp-Editor.ruleset, and Assembly-CSharp-Editor-firstpass.ruleset.

Begin MonoManager ReloadAssembly
Native extension for WindowsStandalone target not found
Refreshing native plugins compatible for Editor in 1.10 ms, found 1 plugins.
Preloading 0 native plugins for Editor in 0.00 ms.
Mono: successfully reloaded assembly
- Completed reload, in  1.480 seconds
Platform modules already initialized, skipping
========================================================================
Worker process is ready to serve import requests
Launched and connected shader compiler UnityShaderCompiler.exe after 0.08 seconds
Refreshing native plugins compatible for Editor in 1.19 ms, found 1 plugins.
Preloading 0 native plugins for Editor in 0.00 ms.
Unloading 3249 Unused Serialized files (Serialized files now loaded: 0)
System memory in use before: 120.5 MB.
System memory in use after: 120.7 MB.

Unloading 55 unused Assets to reduce memory usage. Loaded Objects now: 3672.
Total: 6.700000 ms (FindLiveObjects: 0.498700 ms CreateObjectMapping: 0.326700 ms MarkObjects: 5.788000 ms  DeleteObjects: 0.084600 ms)

========================================================================
Received Import Request.
  path: Assets/CameraDirector.cs
  artifactKey: Guid(dfee7e127cd448d48a60596cd46be3d0) Importer(815301076,1909f56bfc062723c751e8b465ee728b)
Start importing Assets/CameraDirector.cs using Guid(dfee7e127cd448d48a60596cd46be3d0) Importer(815301076,1909f56bfc062723c751e8b465ee728b)  -> (artifact id: 'c1e8fd9fb6177f3463bd887a51733c5f') in 0.046439 seconds 
========================================================================
Received Prepare
Registering precompiled user dll's ...
Registered in 0.004174 seconds.
The root folder may contain only these .ruleset files: Default.ruleset, Assembly-CSharp.ruleset, Assembly-CSharp-firstpass.ruleset, Assembly-CSharp-Editor.ruleset, and Assembly-CSharp-Editor-firstpass.ruleset.

Begin MonoManager ReloadAssembly
Native extension for WindowsStandalone target not found
Refreshing native plugins compatible for Editor in 1.37 ms, found 1 plugins.
Preloading 0 native plugins for Editor in 0.00 ms.
Mono: successfully reloaded assembly
- Completed reload, in  1.386 seconds
Platform modules already initialized, skipping
Refreshing native plugins compatible for Editor in 0.87 ms, found 1 plugins.
Preloading 0 native plugins for Editor in 0.00 ms.
Unloading 3244 Unused Serialized files (Serialized files now loaded: 0)
System memory in use before: 120.5 MB.
System memory in use after: 120.7 MB.

Unloading 46 unused Assets to reduce memory usage. Loaded Objects now: 3675.
Total: 5.573100 ms (FindLiveObjects: 0.369500 ms CreateObjectMapping: 0.179400 ms MarkObjects: 4.947800 ms  DeleteObjects: 0.073800 ms)

========================================================================
Received Prepare
Registering precompiled user dll's ...
Registered in 0.003290 seconds.
The root folder may contain only these .ruleset files: Default.ruleset, Assembly-CSharp.ruleset, Assembly-CSharp-firstpass.ruleset, Assembly-CSharp-Editor.ruleset, and Assembly-CSharp-Editor-firstpass.ruleset.

Begin MonoManager ReloadAssembly
Native extension for WindowsStandalone target not found
Refreshing native plugins compatible for Editor in 1.44 ms, found 1 plugins.
Preloading 0 native plugins for Editor in 0.00 ms.
Mono: successfully reloaded assembly
- Completed reload, in  1.271 seconds
Platform modules already initialized, skipping
Refreshing native plugins compatible for Editor in 0.98 ms, found 1 plugins.
Preloading 0 native plugins for Editor in 0.00 ms.
Unloading 3244 Unused Serialized files (Serialized files now loaded: 0)
System memory in use before: 120.6 MB.
System memory in use after: 120.8 MB.

Unloading 46 unused Assets to reduce memory usage. Loaded Objects now: 3678.
Total: 6.021700 ms (FindLiveObjects: 0.320700 ms CreateObjectMapping: 0.305100 ms MarkObjects: 5.338500 ms  DeleteObjects: 0.056100 ms)

========================================================================
Received Prepare
Registering precompiled user dll's ...
Registered in 0.003162 seconds.
The root folder may contain only these .ruleset files: Default.ruleset, Assembly-CSharp.ruleset, Assembly-CSharp-firstpass.ruleset, Assembly-CSharp-Editor.ruleset, and Assembly-CSharp-Editor-firstpass.ruleset.

Begin MonoManager ReloadAssembly
Native extension for WindowsStandalone target not found
Refreshing native plugins compatible for Editor in 1.15 ms, found 1 plugins.
Preloading 0 native plugins for Editor in 0.00 ms.
Mono: successfully reloaded assembly
- Completed reload, in  1.347 seconds
Platform modules already initialized, skipping
Refreshing native plugins compatible for Editor in 1.10 ms, found 1 plugins.
Preloading 0 native plugins for Editor in 0.00 ms.
Unloading 3244 Unused Serialized files (Serialized files now loaded: 0)
System memory in use before: 120.6 MB.
System memory in use after: 120.8 MB.

Unloading 46 unused Assets to reduce memory usage. Loaded Objects now: 3681.
Total: 7.412100 ms (FindLiveObjects: 0.465500 ms CreateObjectMapping: 0.327300 ms MarkObjects: 6.547600 ms  DeleteObjects: 0.069700 ms)

========================================================================
Received Prepare
Registering precompiled user dll's ...
Registered in 0.004068 seconds.
The root folder may contain only these .ruleset files: Default.ruleset, Assembly-CSharp.ruleset, Assembly-CSharp-firstpass.ruleset, Assembly-CSharp-Editor.ruleset, and Assembly-CSharp-Editor-firstpass.ruleset.

Begin MonoManager ReloadAssembly
Native extension for WindowsStandalone target not found
Refreshing native plugins compatible for Editor in 1.04 ms, found 1 plugins.
Preloading 0 native plugins for Editor in 0.00 ms.
Mono: successfully reloaded assembly
- Completed reload, in  1.248 seconds
Platform modules already initialized, skipping
Refreshing native plugins compatible for Editor in 0.92 ms, found 1 plugins.
Preloading 0 native plugins for Editor in 0.00 ms.
Unloading 3244 Unused Serialized files (Serialized files now loaded: 0)
System memory in use before: 120.6 MB.
System memory in use after: 120.8 MB.

Unloading 46 unused Assets to reduce memory usage. Loaded Objects now: 3684.
Total: 6.739900 ms (FindLiveObjects: 0.316400 ms CreateObjectMapping: 0.237100 ms MarkObjects: 6.120800 ms  DeleteObjects: 0.062800 ms)

========================================================================
Received Prepare
Registering precompiled user dll's ...
Registered in 0.003080 seconds.
The root folder may contain only these .ruleset files: Default.ruleset, Assembly-CSharp.ruleset, Assembly-CSharp-firstpass.ruleset, Assembly-CSharp-Editor.ruleset, and Assembly-CSharp-Editor-firstpass.ruleset.

Begin MonoManager ReloadAssembly
Native extension for WindowsStandalone target not found
Refreshing native plugins compatible for Editor in 1.00 ms, found 1 plugins.
Preloading 0 native plugins for Editor in 0.00 ms.
Mono: successfully reloaded assembly
- Completed reload, in  1.300 seconds
Platform modules already initialized, skipping
Refreshing native plugins compatible for Editor in 1.17 ms, found 1 plugins.
Preloading 0 native plugins for Editor in 0.00 ms.
Unloading 3244 Unused Serialized files (Serialized files now loaded: 0)
System memory in use before: 120.6 MB.
System memory in use after: 120.8 MB.

Unloading 46 unused Assets to reduce memory usage. Loaded Objects now: 3687.
Total: 8.007600 ms (FindLiveObjects: 0.448900 ms CreateObjectMapping: 0.252000 ms MarkObjects: 7.238300 ms  DeleteObjects: 0.066000 ms)

========================================================================
Received Prepare
Registering precompiled user dll's ...
Registered in 0.006561 seconds.
The root folder may contain only these .ruleset files: Default.ruleset, Assembly-CSharp.ruleset, Assembly-CSharp-firstpass.ruleset, Assembly-CSharp-Editor.ruleset, and Assembly-CSharp-Editor-firstpass.ruleset.

Begin MonoManager ReloadAssembly
Native extension for WindowsStandalone target not found
Refreshing native plugins compatible for Editor in 0.95 ms, found 1 plugins.
Preloading 0 native plugins for Editor in 0.00 ms.
Mono: successfully reloaded assembly
- Completed reload, in  1.221 seconds
Platform modules already initialized, skipping
Refreshing native plugins compatible for Editor in 0.91 ms, found 1 plugins.
Preloading 0 native plugins for Editor in 0.00 ms.
Unloading 3244 Unused Serialized files (Serialized files now loaded: 0)
System memory in use before: 120.6 MB.
System memory in use after: 120.9 MB.

Unloading 46 unused Assets to reduce memory usage. Loaded Objects now: 3690.
Total: 5.912900 ms (FindLiveObjects: 0.351000 ms CreateObjectMapping: 0.169600 ms MarkObjects: 5.300900 ms  DeleteObjects: 0.089500 ms)

========================================================================
Received Prepare
Registering precompiled user dll's ...
Registered in 0.007937 seconds.
The root folder may contain only these .ruleset files: Default.ruleset, Assembly-CSharp.ruleset, Assembly-CSharp-firstpass.ruleset, Assembly-CSharp-Editor.ruleset, and Assembly-CSharp-Editor-firstpass.ruleset.

Begin MonoManager ReloadAssembly
Native extension for WindowsStandalone target not found
Refreshing native plugins compatible for Editor in 0.87 ms, found 1 plugins.
Preloading 0 native plugins for Editor in 0.00 ms.
Mono: successfully reloaded assembly
- Completed reload, in  1.347 seconds
Platform modules already initialized, skipping
Refreshing native plugins compatible for Editor in 0.82 ms, found 1 plugins.
Preloading 0 native plugins for Editor in 0.00 ms.
Unloading 3244 Unused Serialized files (Serialized files now loaded: 0)
System memory in use before: 120.7 MB.
System memory in use after: 120.9 MB.

Unloading 46 unused Assets to reduce memory usage. Loaded Objects now: 3693.
Total: 6.514900 ms (FindLiveObjects: 0.424800 ms CreateObjectMapping: 0.286200 ms MarkObjects: 5.733500 ms  DeleteObjects: 0.068400 ms)

========================================================================
Received Prepare
Registering precompiled user dll's ...
Registered in 0.003564 seconds.
The root folder may contain only these .ruleset files: Default.ruleset, Assembly-CSharp.ruleset, Assembly-CSharp-firstpass.ruleset, Assembly-CSharp-Editor.ruleset, and Assembly-CSharp-Editor-firstpass.ruleset.

Begin MonoManager ReloadAssembly
Native extension for WindowsStandalone target not found
Refreshing native plugins compatible for Editor in 1.29 ms, found 1 plugins.
Preloading 0 native plugins for Editor in 0.00 ms.
Mono: successfully reloaded assembly
- Completed reload, in  1.271 seconds
Platform modules already initialized, skipping
Refreshing native plugins compatible for Editor in 0.83 ms, found 1 plugins.
Preloading 0 native plugins for Editor in 0.00 ms.
Unloading 3244 Unused Serialized files (Serialized files now loaded: 0)
System memory in use before: 120.7 MB.
System memory in use after: 120.9 MB.

Unloading 46 unused Assets to reduce memory usage. Loaded Objects now: 3696.
Total: 6.357300 ms (FindLiveObjects: 0.380200 ms CreateObjectMapping: 0.173800 ms MarkObjects: 5.689400 ms  DeleteObjects: 0.112100 ms)

========================================================================
Received Prepare
Registering precompiled user dll's ...
Registered in 0.003891 seconds.
The root folder may contain only these .ruleset files: Default.ruleset, Assembly-CSharp.ruleset, Assembly-CSharp-firstpass.ruleset, Assembly-CSharp-Editor.ruleset, and Assembly-CSharp-Editor-firstpass.ruleset.

Begin MonoManager ReloadAssembly
Native extension for WindowsStandalone target not found
Refreshing native plugins compatible for Editor in 1.02 ms, found 1 plugins.
Preloading 0 native plugins for Editor in 0.00 ms.
Mono: successfully reloaded assembly
- Completed reload, in  1.188 seconds
Platform modules already initialized, skipping
Refreshing native plugins compatible for Editor in 0.78 ms, found 1 plugins.
Preloading 0 native plugins for Editor in 0.00 ms.
Unloading 3244 Unused Serialized files (Serialized files now loaded: 0)
System memory in use before: 120.7 MB.
System memory in use after: 120.9 MB.

Unloading 46 unused Assets to reduce memory usage. Loaded Objects now: 3699.
Total: 6.079300 ms (FindLiveObjects: 0.467800 ms CreateObjectMapping: 0.215800 ms MarkObjects: 5.301500 ms  DeleteObjects: 0.093200 ms)

========================================================================
Received Prepare
Registering precompiled user dll's ...
Registered in 0.004262 seconds.
The root folder may contain only these .ruleset files: Default.ruleset, Assembly-CSharp.ruleset, Assembly-CSharp-firstpass.ruleset, Assembly-CSharp-Editor.ruleset, and Assembly-CSharp-Editor-firstpass.ruleset.

Begin MonoManager ReloadAssembly
Native extension for WindowsStandalone target not found
Refreshing native plugins compatible for Editor in 1.27 ms, found 1 plugins.
Preloading 0 native plugins for Editor in 0.00 ms.
Mono: successfully reloaded assembly
- Completed reload, in  1.627 seconds
Platform modules already initialized, skipping
Refreshing native plugins compatible for Editor in 0.95 ms, found 1 plugins.
Preloading 0 native plugins for Editor in 0.00 ms.
Unloading 3244 Unused Serialized files (Serialized files now loaded: 0)
System memory in use before: 120.7 MB.
System memory in use after: 120.9 MB.

Unloading 46 unused Assets to reduce memory usage. Loaded Objects now: 3702.
Total: 6.912700 ms (FindLiveObjects: 0.443800 ms CreateObjectMapping: 0.274000 ms MarkObjects: 6.048300 ms  DeleteObjects: 0.144300 ms)

========================================================================
Received Prepare
Registering precompiled user dll's ...
Registered in 0.003628 seconds.
The root folder may contain only these .ruleset files: Default.ruleset, Assembly-CSharp.ruleset, Assembly-CSharp-firstpass.ruleset, Assembly-CSharp-Editor.ruleset, and Assembly-CSharp-Editor-firstpass.ruleset.

Begin MonoManager ReloadAssembly
Native extension for WindowsStandalone target not found
Refreshing native plugins compatible for Editor in 1.25 ms, found 1 plugins.
Preloading 0 native plugins for Editor in 0.00 ms.
Mono: successfully reloaded assembly
- Completed reload, in  1.327 seconds
Platform modules already initialized, skipping
Refreshing native plugins compatible for Editor in 0.81 ms, found 1 plugins.
Preloading 0 native plugins for Editor in 0.00 ms.
Unloading 3244 Unused Serialized files (Serialized files now loaded: 0)
System memory in use before: 120.7 MB.
System memory in use after: 120.9 MB.

Unloading 46 unused Assets to reduce memory usage. Loaded Objects now: 3705.
Total: 6.341800 ms (FindLiveObjects: 0.463900 ms CreateObjectMapping: 0.226900 ms MarkObjects: 5.590000 ms  DeleteObjects: 0.058600 ms)

========================================================================
Received Prepare
Registering precompiled user dll's ...
Registered in 0.003806 seconds.
The root folder may contain only these .ruleset files: Default.ruleset, Assembly-CSharp.ruleset, Assembly-CSharp-firstpass.ruleset, Assembly-CSharp-Editor.ruleset, and Assembly-CSharp-Editor-firstpass.ruleset.

Begin MonoManager ReloadAssembly
Native extension for WindowsStandalone target not found
Refreshing native plugins compatible for Editor in 0.83 ms, found 1 plugins.
Preloading 0 native plugins for Editor in 0.00 ms.
Mono: successfully reloaded assembly
- Completed reload, in  1.244 seconds
Platform modules already initialized, skipping
Refreshing native plugins compatible for Editor in 0.83 ms, found 1 plugins.
Preloading 0 native plugins for Editor in 0.00 ms.
Unloading 3244 Unused Serialized files (Serialized files now loaded: 0)
System memory in use before: 120.7 MB.
System memory in use after: 120.9 MB.

Unloading 46 unused Assets to reduce memory usage. Loaded Objects now: 3708.
Total: 6.391200 ms (FindLiveObjects: 0.264200 ms CreateObjectMapping: 0.185300 ms MarkObjects: 5.830200 ms  DeleteObjects: 0.109600 ms)

========================================================================
Received Prepare
Registering precompiled user dll's ...
Registered in 0.003735 seconds.
The root folder may contain only these .ruleset files: Default.ruleset, Assembly-CSharp.ruleset, Assembly-CSharp-firstpass.ruleset, Assembly-CSharp-Editor.ruleset, and Assembly-CSharp-Editor-firstpass.ruleset.

Begin MonoManager ReloadAssembly
Native extension for WindowsStandalone target not found
Refreshing native plugins compatible for Editor in 1.25 ms, found 1 plugins.
Preloading 0 native plugins for Editor in 0.00 ms.
Mono: successfully reloaded assembly
- Completed reload, in  1.436 seconds
Platform modules already initialized, skipping
Refreshing native plugins compatible for Editor in 0.91 ms, found 1 plugins.
Preloading 0 native plugins for Editor in 0.00 ms.
Unloading 3244 Unused Serialized files (Serialized files now loaded: 0)
System memory in use before: 120.7 MB.
System memory in use after: 120.9 MB.

Unloading 46 unused Assets to reduce memory usage. Loaded Objects now: 3711.
Total: 6.763700 ms (FindLiveObjects: 0.453300 ms CreateObjectMapping: 0.361600 ms MarkObjects: 5.885700 ms  DeleteObjects: 0.060900 ms)

========================================================================
Received Prepare
Registering precompiled user dll's ...
Registered in 0.006549 seconds.
The root folder may contain only these .ruleset files: Default.ruleset, Assembly-CSharp.ruleset, Assembly-CSharp-firstpass.ruleset, Assembly-CSharp-Editor.ruleset, and Assembly-CSharp-Editor-firstpass.ruleset.

Begin MonoManager ReloadAssembly
Native extension for WindowsStandalone target not found
Refreshing native plugins compatible for Editor in 1.08 ms, found 1 plugins.
Preloading 0 native plugins for Editor in 0.00 ms.
Mono: successfully reloaded assembly
- Completed reload, in  1.478 seconds
Platform modules already initialized, skipping
Refreshing native plugins compatible for Editor in 1.06 ms, found 1 plugins.
Preloading 0 native plugins for Editor in 0.00 ms.
Unloading 3244 Unused Serialized files (Serialized files now loaded: 0)
System memory in use before: 120.7 MB.
System memory in use after: 120.9 MB.

Unloading 46 unused Assets to reduce memory usage. Loaded Objects now: 3714.
Total: 7.178700 ms (FindLiveObjects: 0.412200 ms CreateObjectMapping: 0.260400 ms MarkObjects: 6.447700 ms  DeleteObjects: 0.057000 ms)

========================================================================
Received Prepare
Registering precompiled user dll's ...
Registered in 0.003970 seconds.
The root folder may contain only these .ruleset files: Default.ruleset, Assembly-CSharp.ruleset, Assembly-CSharp-firstpass.ruleset, Assembly-CSharp-Editor.ruleset, and Assembly-CSharp-Editor-firstpass.ruleset.

Begin MonoManager ReloadAssembly
Native extension for WindowsStandalone target not found
Refreshing native plugins compatible for Editor in 1.09 ms, found 1 plugins.
Preloading 0 native plugins for Editor in 0.00 ms.
Mono: successfully reloaded assembly
- Completed reload, in  1.316 seconds
Platform modules already initialized, skipping
Refreshing native plugins compatible for Editor in 1.00 ms, found 1 plugins.
Preloading 0 native plugins for Editor in 0.00 ms.
Unloading 3244 Unused Serialized files (Serialized files now loaded: 0)
System memory in use before: 120.7 MB.
System memory in use after: 120.9 MB.

Unloading 46 unused Assets to reduce memory usage. Loaded Objects now: 3717.
Total: 6.688200 ms (FindLiveObjects: 0.473300 ms CreateObjectMapping: 0.317200 ms MarkObjects: 5.831900 ms  DeleteObjects: 0.063500 ms)

========================================================================
Received Prepare
Registering precompiled user dll's ...
Registered in 0.003120 seconds.
The root folder may contain only these .ruleset files: Default.ruleset, Assembly-CSharp.ruleset, Assembly-CSharp-firstpass.ruleset, Assembly-CSharp-Editor.ruleset, and Assembly-CSharp-Editor-firstpass.ruleset.

Begin MonoManager ReloadAssembly
Native extension for WindowsStandalone target not found
Refreshing native plugins compatible for Editor in 1.07 ms, found 1 plugins.
Preloading 0 native plugins for Editor in 0.00 ms.
Mono: successfully reloaded assembly
- Completed reload, in  1.291 seconds
Platform modules already initialized, skipping
Refreshing native plugins compatible for Editor in 0.95 ms, found 1 plugins.
Preloading 0 native plugins for Editor in 0.00 ms.
Unloading 3244 Unused Serialized files (Serialized files now loaded: 0)
System memory in use before: 120.7 MB.
System memory in use after: 120.9 MB.

Unloading 46 unused Assets to reduce memory usage. Loaded Objects now: 3720.
Total: 8.128600 ms (FindLiveObjects: 0.475600 ms CreateObjectMapping: 0.309800 ms MarkObjects: 7.280800 ms  DeleteObjects: 0.061000 ms)

========================================================================
Received Prepare
Registering precompiled user dll's ...
Registered in 0.003033 seconds.
The root folder may contain only these .ruleset files: Default.ruleset, Assembly-CSharp.ruleset, Assembly-CSharp-firstpass.ruleset, Assembly-CSharp-Editor.ruleset, and Assembly-CSharp-Editor-firstpass.ruleset.

Begin MonoManager ReloadAssembly
Native extension for WindowsStandalone target not found
Refreshing native plugins compatible for Editor in 0.85 ms, found 1 plugins.
Preloading 0 native plugins for Editor in 0.00 ms.
Mono: successfully reloaded assembly
- Completed reload, in  1.211 seconds
Platform modules already initialized, skipping
Refreshing native plugins compatible for Editor in 1.31 ms, found 1 plugins.
Preloading 0 native plugins for Editor in 0.00 ms.
Unloading 3244 Unused Serialized files (Serialized files now loaded: 0)
System memory in use before: 120.7 MB.
System memory in use after: 120.9 MB.

Unloading 46 unused Assets to reduce memory usage. Loaded Objects now: 3723.
Total: 7.293700 ms (FindLiveObjects: 0.491600 ms CreateObjectMapping: 0.261000 ms MarkObjects: 6.445700 ms  DeleteObjects: 0.094100 ms)

========================================================================
Received Prepare
Registering precompiled user dll's ...
Registered in 0.003694 seconds.
The root folder may contain only these .ruleset files: Default.ruleset, Assembly-CSharp.ruleset, Assembly-CSharp-firstpass.ruleset, Assembly-CSharp-Editor.ruleset, and Assembly-CSharp-Editor-firstpass.ruleset.

Begin MonoManager ReloadAssembly
Native extension for WindowsStandalone target not found
Refreshing native plugins compatible for Editor in 0.81 ms, found 1 plugins.
Preloading 0 native plugins for Editor in 0.00 ms.
Mono: successfully reloaded assembly
- Completed reload, in  1.288 seconds
Platform modules already initialized, skipping
Refreshing native plugins compatible for Editor in 1.36 ms, found 1 plugins.
Preloading 0 native plugins for Editor in 0.00 ms.
Unloading 3244 Unused Serialized files (Serialized files now loaded: 0)
System memory in use before: 120.7 MB.
System memory in use after: 120.9 MB.

Unloading 46 unused Assets to reduce memory usage. Loaded Objects now: 3726.
Total: 8.210500 ms (FindLiveObjects: 0.539100 ms CreateObjectMapping: 0.387300 ms MarkObjects: 7.209700 ms  DeleteObjects: 0.065200 ms)

========================================================================
Received Prepare
Registering precompiled user dll's ...
Registered in 0.003527 seconds.
The root folder may contain only these .ruleset files: Default.ruleset, Assembly-CSharp.ruleset, Assembly-CSharp-firstpass.ruleset, Assembly-CSharp-Editor.ruleset, and Assembly-CSharp-Editor-firstpass.ruleset.

Begin MonoManager ReloadAssembly
Native extension for WindowsStandalone target not found
Refreshing native plugins compatible for Editor in 1.01 ms, found 1 plugins.
Preloading 0 native plugins for Editor in 0.00 ms.
Mono: successfully reloaded assembly
- Completed reload, in  1.505 seconds
Platform modules already initialized, skipping
Refreshing native plugins compatible for Editor in 0.99 ms, found 1 plugins.
Preloading 0 native plugins for Editor in 0.00 ms.
Unloading 3244 Unused Serialized files (Serialized files now loaded: 0)
System memory in use before: 120.7 MB.
System memory in use after: 120.9 MB.

Unloading 46 unused Assets to reduce memory usage. Loaded Objects now: 3729.
Total: 5.916500 ms (FindLiveObjects: 0.318100 ms CreateObjectMapping: 0.204900 ms MarkObjects: 5.329700 ms  DeleteObjects: 0.061000 ms)

========================================================================
Received Prepare
Registering precompiled user dll's ...
Registered in 0.004827 seconds.
The root folder may contain only these .ruleset files: Default.ruleset, Assembly-CSharp.ruleset, Assembly-CSharp-firstpass.ruleset, Assembly-CSharp-Editor.ruleset, and Assembly-CSharp-Editor-firstpass.ruleset.

Begin MonoManager ReloadAssembly
Native extension for WindowsStandalone target not found
Refreshing native plugins compatible for Editor in 0.81 ms, found 1 plugins.
Preloading 0 native plugins for Editor in 0.00 ms.
Mono: successfully reloaded assembly
- Completed reload, in  1.214 seconds
Platform modules already initialized, skipping
Refreshing native plugins compatible for Editor in 0.78 ms, found 1 plugins.
Preloading 0 native plugins for Editor in 0.00 ms.
Unloading 3244 Unused Serialized files (Serialized files now loaded: 0)
System memory in use before: 120.7 MB.
System memory in use after: 120.9 MB.

Unloading 46 unused Assets to reduce memory usage. Loaded Objects now: 3732.
Total: 5.947300 ms (FindLiveObjects: 0.290400 ms CreateObjectMapping: 0.173000 ms MarkObjects: 5.413800 ms  DeleteObjects: 0.068700 ms)

========================================================================
Received Prepare
Registering precompiled user dll's ...
Registered in 0.565205 seconds.
The root folder may contain only these .ruleset files: Default.ruleset, Assembly-CSharp.ruleset, Assembly-CSharp-firstpass.ruleset, Assembly-CSharp-Editor.ruleset, and Assembly-CSharp-Editor-firstpass.ruleset.

Begin MonoManager ReloadAssembly
Native extension for WindowsStandalone target not found
Refreshing native plugins compatible for Editor in 1.09 ms, found 1 plugins.
Preloading 0 native plugins for Editor in 0.00 ms.
Mono: successfully reloaded assembly
- Completed reload, in 11.061 seconds
Platform modules already initialized, skipping
Refreshing native plugins compatible for Editor in 1.05 ms, found 1 plugins.
Preloading 0 native plugins for Editor in 0.00 ms.
Unloading 3244 Unused Serialized files (Serialized files now loaded: 0)
System memory in use before: 120.8 MB.
System memory in use after: 121.0 MB.

Unloading 46 unused Assets to reduce memory usage. Loaded Objects now: 3735.
Total: 7.049000 ms (FindLiveObjects: 0.412800 ms CreateObjectMapping: 0.212800 ms MarkObjects: 6.243700 ms  DeleteObjects: 0.176900 ms)

========================================================================
Received Import Request.
  Time since last request: 87641.864499 seconds.
  path: Assets/SQUADExample
  artifactKey: Guid(8aa4ba6a9bb58b046a2c3d6c9accbd12) Importer(815301076,1909f56bfc062723c751e8b465ee728b)
Start importing Assets/SQUADExample using Guid(8aa4ba6a9bb58b046a2c3d6c9accbd12) Importer(815301076,1909f56bfc062723c751e8b465ee728b)  -> (artifact id: '4334280131e32563acf209d0821695c8') in 0.036289 seconds 
========================================================================
Received Import Request.
  Time since last request: 18.523633 seconds.
  path: Assets/SQUADExample/SQUAD.unity
  artifactKey: Guid(904acffd87288ae428735f16cd4a7d09) Importer(815301076,1909f56bfc062723c751e8b465ee728b)
Start importing Assets/SQUADExample/SQUAD.unity using Guid(904acffd87288ae428735f16cd4a7d09) Importer(815301076,1909f56bfc062723c751e8b465ee728b)  -> (artifact id: '65e0caa4b305cbfad242e9b52ee7455c') in 0.020224 seconds 
========================================================================
Received Prepare
Registering precompiled user dll's ...
Registered in 0.002895 seconds.
The root folder may contain only these .ruleset files: Default.ruleset, Assembly-CSharp.ruleset, Assembly-CSharp-firstpass.ruleset, Assembly-CSharp-Editor.ruleset, and Assembly-CSharp-Editor-firstpass.ruleset.

Begin MonoManager ReloadAssembly
Native extension for WindowsStandalone target not found
Refreshing native plugins compatible for Editor in 0.93 ms, found 1 plugins.
Preloading 0 native plugins for Editor in 0.00 ms.
Mono: successfully reloaded assembly
- Completed reload, in  1.379 seconds
Platform modules already initialized, skipping
Refreshing native plugins compatible for Editor in 0.84 ms, found 1 plugins.
Preloading 0 native plugins for Editor in 0.00 ms.
Unloading 3244 Unused Serialized files (Serialized files now loaded: 0)
System memory in use before: 120.9 MB.
System memory in use after: 121.1 MB.

Unloading 46 unused Assets to reduce memory usage. Loaded Objects now: 3738.
Total: 5.362000 ms (FindLiveObjects: 0.281200 ms CreateObjectMapping: 0.175500 ms MarkObjects: 4.813600 ms  DeleteObjects: 0.090000 ms)

========================================================================
Received Import Request.
  Time since last request: 173.477210 seconds.
  path: Assets/SQUADExample/SQUAD.unity
  artifactKey: Guid(904acffd87288ae428735f16cd4a7d09) Importer(815301076,1909f56bfc062723c751e8b465ee728b)
Start importing Assets/SQUADExample/SQUAD.unity using Guid(904acffd87288ae428735f16cd4a7d09) Importer(815301076,1909f56bfc062723c751e8b465ee728b)  -> (artifact id: '7e08c8d20ff8f3328cafffdd6643122a') in 0.020458 seconds 
========================================================================
Received Import Request.
  Time since last request: 1.070621 seconds.
  path: Assets/SQUADExample/UnitArrow.obj
  artifactKey: Guid(d1a80a1d95dfa1848adb33b5180551e8) Importer(815301076,1909f56bfc062723c751e8b465ee728b)
Start importing Assets/SQUADExample/UnitArrow.obj using Guid(d1a80a1d95dfa1848adb33b5180551e8) Importer(815301076,1909f56bfc062723c751e8b465ee728b)  -> (artifact id: '9e1b3ce384814552b93c2f82cff4b1c7') in 0.254947 seconds 
========================================================================
Received Import Request.
  Time since last request: 3.965061 seconds.
  path: Assets/SQUADExample/Materials
  artifactKey: Guid(954a300b18c9b8e40b5238f83a87de0b) Importer(815301076,1909f56bfc062723c751e8b465ee728b)
Start importing Assets/SQUADExample/Materials using Guid(954a300b18c9b8e40b5238f83a87de0b) Importer(815301076,1909f56bfc062723c751e8b465ee728b)  -> (artifact id: '44d16068536d518092831bd442e1f603') in 0.008063 seconds 
========================================================================
Received Import Request.
  Time since last request: 45.094450 seconds.
  path: Assets/SQUADExample/SQUADTesting.boo
  artifactKey: Guid(8ae76319e53b3034db636f8ffb17df26) Importer(815301076,1909f56bfc062723c751e8b465ee728b)
Start importing Assets/SQUADExample/SQUADTesting.boo using Guid(8ae76319e53b3034db636f8ffb17df26) Importer(815301076,1909f56bfc062723c751e8b465ee728b)  -> (artifact id: '9866dec17070ab8492d6e6abc9700881') in 0.014236 seconds 
========================================================================
Received Import Request.
  Time since last request: 9.428580 seconds.
  path: Assets/SQUADExample/SQUADSettings.lighting
  artifactKey: Guid(59b0102438f214041b9b25b61c40503d) Importer(815301076,1909f56bfc062723c751e8b465ee728b)
Start importing Assets/SQUADExample/SQUADSettings.lighting using Guid(59b0102438f214041b9b25b61c40503d) Importer(815301076,1909f56bfc062723c751e8b465ee728b) LightingSettings: switching bake backend from 1 to 0.
 -> (artifact id: '3ab10a9f848bdc3dde6bc2ca332a2ca8') in 0.009711 seconds 
========================================================================
Received Prepare
Registering precompiled user dll's ...
Registered in 0.003346 seconds.
The root folder may contain only these .ruleset files: Default.ruleset, Assembly-CSharp.ruleset, Assembly-CSharp-firstpass.ruleset, Assembly-CSharp-Editor.ruleset, and Assembly-CSharp-Editor-firstpass.ruleset.

Begin MonoManager ReloadAssembly
Native extension for WindowsStandalone target not found
Refreshing native plugins compatible for Editor in 0.77 ms, found 1 plugins.
Preloading 0 native plugins for Editor in 0.00 ms.
Mono: successfully reloaded assembly
- Completed reload, in  1.113 seconds
Platform modules already initialized, skipping
Refreshing native plugins compatible for Editor in 0.80 ms, found 1 plugins.
Preloading 0 native plugins for Editor in 0.00 ms.
Unloading 3244 Unused Serialized files (Serialized files now loaded: 0)
System memory in use before: 124.7 MB.
System memory in use after: 124.9 MB.

Unloading 46 unused Assets to reduce memory usage. Loaded Objects now: 3751.
Total: 6.023800 ms (FindLiveObjects: 0.310600 ms CreateObjectMapping: 0.189900 ms MarkObjects: 5.458700 ms  DeleteObjects: 0.063100 ms)

========================================================================
Received Import Request.
  Time since last request: 617.523921 seconds.
  path: Assets/Plugins/QuaternionExtensions/SQUAD.boo
  artifactKey: Guid(a8c16b8c891d80949a5592c527a2a988) Importer(815301076,1909f56bfc062723c751e8b465ee728b)
Start importing Assets/Plugins/QuaternionExtensions/SQUAD.boo using Guid(a8c16b8c891d80949a5592c527a2a988) Importer(815301076,1909f56bfc062723c751e8b465ee728b)  -> (artifact id: '29e5dbc73ea853813ae9613cc4ac86c5') in 0.022249 seconds 
========================================================================
Received Import Request.
  Time since last request: 189.610697 seconds.
  path: Assets/Plugins/QuaternionExtensions
  artifactKey: Guid(fb7c9a0fbfb25b24482629f4d6aee37f) Importer(815301076,1909f56bfc062723c751e8b465ee728b)
Start importing Assets/Plugins/QuaternionExtensions using Guid(fb7c9a0fbfb25b24482629f4d6aee37f) Importer(815301076,1909f56bfc062723c751e8b465ee728b)  -> (artifact id: '8559e7188d5adf179dc2f66da433616e') in 0.010327 seconds 
========================================================================
Received Import Request.
  Time since last request: 1.234105 seconds.
  path: Assets/Plugins/QuaternionExtensions/QuaternionExtensions.boo
  artifactKey: Guid(40c51df8dea9564448de7a773508ca2c) Importer(815301076,1909f56bfc062723c751e8b465ee728b)
Start importing Assets/Plugins/QuaternionExtensions/QuaternionExtensions.boo using Guid(40c51df8dea9564448de7a773508ca2c) Importer(815301076,1909f56bfc062723c751e8b465ee728b)  -> (artifact id: 'af3ba3190fc2b07a5b8acec474b82140') in 0.003090 seconds 
========================================================================
Received Prepare
Registering precompiled user dll's ...
Registered in 0.004330 seconds.
The root folder may contain only these .ruleset files: Default.ruleset, Assembly-CSharp.ruleset, Assembly-CSharp-firstpass.ruleset, Assembly-CSharp-Editor.ruleset, and Assembly-CSharp-Editor-firstpass.ruleset.

Begin MonoManager ReloadAssembly
Native extension for WindowsStandalone target not found
Refreshing native plugins compatible for Editor in 0.80 ms, found 1 plugins.
Preloading 0 native plugins for Editor in 0.00 ms.
Mono: successfully reloaded assembly
- Completed reload, in  1.190 seconds
Platform modules already initialized, skipping
Refreshing native plugins compatible for Editor in 0.79 ms, found 1 plugins.
Preloading 0 native plugins for Editor in 0.00 ms.
Unloading 3244 Unused Serialized files (Serialized files now loaded: 0)
System memory in use before: 124.7 MB.
System memory in use after: 124.9 MB.

Unloading 46 unused Assets to reduce memory usage. Loaded Objects now: 3754.
Total: 6.023100 ms (FindLiveObjects: 0.356700 ms CreateObjectMapping: 0.184700 ms MarkObjects: 5.390200 ms  DeleteObjects: 0.089600 ms)

========================================================================
Received Import Request.
  Time since last request: 1971.771197 seconds.
  path: Assets/Plugins/QuaternionExtensions/QuaternionExtensions.py
  artifactKey: Guid(9f4df70a2d0de2f42a347c4e289efecc) Importer(815301076,1909f56bfc062723c751e8b465ee728b)
Start importing Assets/Plugins/QuaternionExtensions/QuaternionExtensions.py using Guid(9f4df70a2d0de2f42a347c4e289efecc) Importer(815301076,1909f56bfc062723c751e8b465ee728b)  -> (artifact id: 'b0f9f81e35ab974e5b871dda754fed50') in 0.023819 seconds 
========================================================================
Received Prepare
Registering precompiled user dll's ...
Registered in 0.003601 seconds.
The root folder may contain only these .ruleset files: Default.ruleset, Assembly-CSharp.ruleset, Assembly-CSharp-firstpass.ruleset, Assembly-CSharp-Editor.ruleset, and Assembly-CSharp-Editor-firstpass.ruleset.

Begin MonoManager ReloadAssembly
Native extension for WindowsStandalone target not found
Refreshing native plugins compatible for Editor in 3.80 ms, found 1 plugins.
Preloading 0 native plugins for Editor in 0.00 ms.
Mono: successfully reloaded assembly
- Completed reload, in  1.756 seconds
Platform modules already initialized, skipping
Refreshing native plugins compatible for Editor in 1.24 ms, found 1 plugins.
Preloading 0 native plugins for Editor in 0.00 ms.
Unloading 3245 Unused Serialized files (Serialized files now loaded: 0)
System memory in use before: 124.7 MB.
System memory in use after: 124.9 MB.

Unloading 46 unused Assets to reduce memory usage. Loaded Objects now: 3758.
Total: 8.396400 ms (FindLiveObjects: 0.431100 ms CreateObjectMapping: 0.253800 ms MarkObjects: 7.588700 ms  DeleteObjects: 0.120400 ms)

========================================================================
Received Prepare
Registering precompiled user dll's ...
Registered in 0.012910 seconds.
The root folder may contain only these .ruleset files: Default.ruleset, Assembly-CSharp.ruleset, Assembly-CSharp-firstpass.ruleset, Assembly-CSharp-Editor.ruleset, and Assembly-CSharp-Editor-firstpass.ruleset.

Begin MonoManager ReloadAssembly
Native extension for WindowsStandalone target not found
Refreshing native plugins compatible for Editor in 1.48 ms, found 1 plugins.
Preloading 0 native plugins for Editor in 0.00 ms.
Mono: successfully reloaded assembly
- Completed reload, in  1.743 seconds
Platform modules already initialized, skipping
Refreshing native plugins compatible for Editor in 0.83 ms, found 1 plugins.
Preloading 0 native plugins for Editor in 0.00 ms.
Unloading 3246 Unused Serialized files (Serialized files now loaded: 0)
System memory in use before: 124.8 MB.
System memory in use after: 125.0 MB.

Unloading 46 unused Assets to reduce memory usage. Loaded Objects now: 3762.
Total: 6.392600 ms (FindLiveObjects: 0.427400 ms CreateObjectMapping: 0.252200 ms MarkObjects: 5.624800 ms  DeleteObjects: 0.086500 ms)

AssetImportWorkerClient::OnTransportError - code=2 error=End of file
